<?xml version="1.0" encoding="UTF-8"?>
<!-- Generated by org.testng.reporters.JUnitXMLReporter -->
<testsuite ignored="0" hostname="Surya" failures="1" tests="17" name="EdgeTest" time="389.499" errors="0" timestamp="2024-09-06T18:04:09 IST">
  <testcase classname="Project2Airline.TestCase11EveryTextField" name="everyTestField" time="21.625"/>
  <testcase classname="Project2Airline.TestCase13AppliedCoupon" name="appliedCoupon" time="15.643"/>
  <testcase classname="Project2Airline.TestCase8SeatSelection" name="seatSelection" time="22.433"/>
  <testcase classname="Project2Airline.TestCase2Login" name="loginflight" time="3.182">
    <skipped/>
  </testcase> <!-- loginflight -->
  <testcase classname="Project2Airline.TestCase2Login" name="loginflight" time="3.55">
    <skipped/>
  </testcase> <!-- loginflight -->
  <testcase classname="Project2Airline.TestCase2Login" name="loginflight" time="2.907"/>
  <testcase classname="Project2Airline.TestCase5RoundTrip" name="roundTrip" time="10.075"/>
  <testcase classname="Project2Airline.TestCase14DomesticSearch" name="domesticSearch" time="10.998"/>
  <testcase classname="Project2Airline.TestCase3LoginFail" name="loginfail" time="2.384"/>
  <testcase classname="Project2Airline.TestCase12LoginSearchLogout" name="loginsearchlogout" time="12.289"/>
  <testcase classname="Project2Airline.TestCase15Payment" name="payment" time="24.145">
    <skipped/>
  </testcase> <!-- payment -->
  <testcase classname="Project2Airline.TestCase15Payment" name="payment" time="22.601">
    <skipped/>
  </testcase> <!-- payment -->
  <testcase classname="Project2Airline.TestCase15Payment" name="payment" time="23.047">
    <failure type="org.openqa.selenium.ElementClickInterceptedException" message="element click intercepted: Element &amp;lt;div class=&amp;quot;sizeBase&amp;quot;&amp;gt;...&amp;lt;/div&amp;gt; is not clickable at point (855, 281). Other element would receive the click: &amp;lt;h3 class=&amp;quot;&amp;quot;&amp;gt;...&amp;lt;/h3&amp;gt;
  (Session info: MicrosoftEdge=128.0.2739.63)
Build info: version: &amp;apos;4.23.1&amp;apos;, revision: &amp;apos;656257d8e9&amp;apos;
System info: os.name: &amp;apos;Windows 10&amp;apos;, os.arch: &amp;apos;amd64&amp;apos;, os.version: &amp;apos;10.0&amp;apos;, java.version: &amp;apos;17.0.7&amp;apos;
Driver info: org.openqa.selenium.edge.EdgeDriver
Command: [35062eeca1ae37cb2ae0363fee55ba87, clickElement {id=f.1854F7471CF9E644E11FE889DE9EFB1F.d.8F8590F9EE8AC901E500EA37B96F79AC.e.220}]
Capabilities {acceptInsecureCerts: false, browserName: MicrosoftEdge, browserVersion: 128.0.2739.63, fedcm:accounts: true, ms:edgeOptions: {debuggerAddress: localhost:53079}, msedge: {msedgedriverVersion: 128.0.2739.63 (6ff765a876b3..., userDataDir: C:\Users\SURYA-~1\AppData\L...}, networkConnectionEnabled: false, pageLoadStrategy: normal, platformName: windows, proxy: Proxy(), se:cdp: ws://localhost:53079/devtoo..., se:cdpVersion: 128.0.2739.63, setWindowRect: true, strictFileInteractability: false, timeouts: {implicit: 0, pageLoad: 300000, script: 30000}, unhandledPromptBehavior: dismiss and notify, webauthn:extension:credBlob: true, webauthn:extension:largeBlob: true, webauthn:extension:minPinLength: true, webauthn:extension:prf: true, webauthn:virtualAuthenticators: true}
Element: [[EdgeDriver: MicrosoftEdge on windows (35062eeca1ae37cb2ae0363fee55ba87)] -&amp;gt; xpath: (//div[.=&amp;apos;Skip seat selection&amp;apos;])[2]]
Session ID: 35062eeca1ae37cb2ae0363fee55ba87">
      <![CDATA[org.openqa.selenium.ElementClickInterceptedException: element click intercepted: Element <div class="sizeBase">...</div> is not clickable at point (855, 281). Other element would receive the click: <h3 class="">...</h3>
  (Session info: MicrosoftEdge=128.0.2739.63)
Build info: version: '4.23.1', revision: '656257d8e9'
System info: os.name: 'Windows 10', os.arch: 'amd64', os.version: '10.0', java.version: '17.0.7'
Driver info: org.openqa.selenium.edge.EdgeDriver
Command: [35062eeca1ae37cb2ae0363fee55ba87, clickElement {id=f.1854F7471CF9E644E11FE889DE9EFB1F.d.8F8590F9EE8AC901E500EA37B96F79AC.e.220}]
Capabilities {acceptInsecureCerts: false, browserName: MicrosoftEdge, browserVersion: 128.0.2739.63, fedcm:accounts: true, ms:edgeOptions: {debuggerAddress: localhost:53079}, msedge: {msedgedriverVersion: 128.0.2739.63 (6ff765a876b3..., userDataDir: C:\Users\SURYA-~1\AppData\L...}, networkConnectionEnabled: false, pageLoadStrategy: normal, platformName: windows, proxy: Proxy(), se:cdp: ws://localhost:53079/devtoo..., se:cdpVersion: 128.0.2739.63, setWindowRect: true, strictFileInteractability: false, timeouts: {implicit: 0, pageLoad: 300000, script: 30000}, unhandledPromptBehavior: dismiss and notify, webauthn:extension:credBlob: true, webauthn:extension:largeBlob: true, webauthn:extension:minPinLength: true, webauthn:extension:prf: true, webauthn:virtualAuthenticators: true}
Element: [[EdgeDriver: MicrosoftEdge on windows (35062eeca1ae37cb2ae0363fee55ba87)] -> xpath: (//div[.='Skip seat selection'])[2]]
Session ID: 35062eeca1ae37cb2ae0363fee55ba87
at org.openqa.selenium.remote.ErrorCodec.decode(ErrorCodec.java:167)
at org.openqa.selenium.remote.codec.w3c.W3CHttpResponseCodec.decode(W3CHttpResponseCodec.java:138)
at org.openqa.selenium.remote.codec.w3c.W3CHttpResponseCodec.decode(W3CHttpResponseCodec.java:50)
at org.openqa.selenium.remote.HttpCommandExecutor.execute(HttpCommandExecutor.java:190)
at org.openqa.selenium.remote.service.DriverCommandExecutor.invokeExecute(DriverCommandExecutor.java:216)
at org.openqa.selenium.remote.service.DriverCommandExecutor.execute(DriverCommandExecutor.java:174)
at org.openqa.selenium.remote.RemoteWebDriver.execute(RemoteWebDriver.java:545)
at org.openqa.selenium.remote.RemoteWebElement.execute(RemoteWebElement.java:223)
at org.openqa.selenium.remote.RemoteWebElement.click(RemoteWebElement.java:76)
at org.openqa.selenium.support.pagefactory.internal.LocatingElementHandler.invoke(LocatingElementHandler.java:51)
at jdk.proxy2/jdk.proxy2.$Proxy15.click(Unknown Source)
at elementAirLine.flightDetailPageAirline.skipSeatSelection(flightDetailPageAirline.java:181)
at Project2Airline.TestCase15Payment.payment(TestCase15Payment.java:46)
at java.base/java.util.ArrayList.forEach(ArrayList.java:1511)
... Removed 35 stack frames]]>
    </failure>
  </testcase> <!-- payment -->
  <testcase classname="Project2Airline.TestCase9MultiplePassengers" name="multiplePassengers" time="35.35"/>
  <testcase classname="Project2Airline.TestCase10FlightInfoDisplay" name="flightInfoDetails" time="17.518"/>
  <testcase classname="Project2Airline.TestCase4OneWay" name="oneWayFlight" time="10.802"/>
  <testcase classname="Project2Airline.TestCase6DiffClasses" name="diffClasses" time="16.074"/>
</testsuite> <!-- EdgeTest -->
