<!DOCTYPE html PUBLIC "-//W3C//DTD XHTML 1.1//EN" "https://www.w3.org/TR/xhtml11/DTD/xhtml11.dtd">
<html xmlns="https://www.w3.org/1999/xhtml">
<head>
<meta http-equiv="content-type" content="text/html; charset=UTF-8"/>
<title>TestNG Report</title>
<style type="text/css">table {margin-bottom:10px;border-collapse:collapse;empty-cells:show}th,td {border:1px solid #009;padding:.25em .5em}th {vertical-align:bottom}td {vertical-align:top}table a {font-weight:bold}.stripe td {background-color: #E6EBF9}.num {text-align:right}.passedodd td {background-color: #3F3}.passedeven td {background-color: #0A0}.skippedodd td {background-color: #DDD}.skippedeven td {background-color: #CCC}.failedodd td,.attn {background-color: #F33}.failedeven td,.stripe .attn {background-color: #D00}.stacktrace {white-space:pre;font-family:monospace}.totop {font-size:85%;text-align:center;border-bottom:2px solid #000}.invisible {display:none}</style>
</head>
<body>
<table>
<tr><th>Test</th><th># Passed</th><th># Skipped</th><th># Retried</th><th># Failed</th><th>Time (ms)</th><th>Included Groups</th><th>Excluded Groups</th></tr>
<tr><th colspan="8">Suite</th></tr>
<tr><td><a href="#t0">Test</a></td><td class="num">14</td><td class="num">0</td><td class="num attn">4</td><td class="num">0</td><td class="num">519,828</td><td></td><td></td></tr>
</table>
<table id='summary'><thead><tr><th>Class</th><th>Method</th><th>Start</th><th>Time (ms)</th></tr></thead><tbody><tr><th colspan="4">Suite</th></tr></tbody><tbody id="t0"><tr><th colspan="4">Test &#8212; retried</th></tr><tr class="retriedeven"><td rowspan="1">Project1Ecommerce.TestCase14OrdersRating</td><td><a href="#m0">ordersRatings</a></td><td rowspan="1">1725876339006</td><td rowspan="1">32163</td></tr><tr class="retriedodd"><td rowspan="2">Project1Ecommerce.TestCase4SuccessEdit</td><td><a href="#m1">successEdit</a></td><td rowspan="2">1725876002724</td><td rowspan="2">35189</td></tr><tr class="retriedodd"><td><a href="#m2">successEdit</a></td></tr><tr class="retriedeven"><td rowspan="1">Project1Ecommerce.TestCase9Cart</td><td><a href="#m3">add_cart</a></td><td rowspan="1">1725876187008</td><td rowspan="1">32483</td></tr><tr><th colspan="4">Test &#8212; passed</th></tr><tr class="passedeven"><td rowspan="1">Project1Ecommerce.TestCase10UpdateQuantitiesRemoveItem</td><td><a href="#m4">updateQuantityCart</a></td><td rowspan="1">1725876102887</td><td rowspan="1">16633</td></tr><tr class="passedodd"><td rowspan="1">Project1Ecommerce.TestCase11CheckOut</td><td><a href="#m5">Check_Out_Process</a></td><td rowspan="1">1725876126066</td><td rowspan="1">32177</td></tr><tr class="passedeven"><td rowspan="1">Project1Ecommerce.TestCase12EachPayment</td><td><a href="#m6">select_each_payment</a></td><td rowspan="1">1725875977131</td><td rowspan="1">19906</td></tr><tr class="passedodd"><td rowspan="1">Project1Ecommerce.TestCase13CouponCode</td><td><a href="#m7">couponCodeApply</a></td><td rowspan="1">1725876260747</td><td rowspan="1">17872</td></tr><tr class="passedeven"><td rowspan="1">Project1Ecommerce.TestCase14OrdersRating</td><td><a href="#m8">ordersRatings</a></td><td rowspan="1">1725876377257</td><td rowspan="1">5984</td></tr><tr class="passedodd"><td rowspan="1">Project1Ecommerce.TestCase15CartwithoutLogin</td><td><a href="#m9">cartWithoutLogin</a></td><td rowspan="1">1725876422036</td><td rowspan="1">35883</td></tr><tr class="passedeven"><td rowspan="1">Project1Ecommerce.TestCase2Login</td><td><a href="#m10">loginamazon</a></td><td rowspan="1">1725876485305</td><td rowspan="1">5907</td></tr><tr class="passedodd"><td rowspan="1">Project1Ecommerce.TestCase3LoginFails</td><td><a href="#m11">loginfailamazon</a></td><td rowspan="1">1725876402290</td><td rowspan="1">3209</td></tr><tr class="passedeven"><td rowspan="1">Project1Ecommerce.TestCase4SuccessEdit</td><td><a href="#m12">successEdit</a></td><td rowspan="1">1725876087382</td><td rowspan="1">11273</td></tr><tr class="passedodd"><td rowspan="1">Project1Ecommerce.TestCase5Search</td><td><a href="#m13">amazon_search</a></td><td rowspan="1">1725876477599</td><td rowspan="1">2794</td></tr><tr class="passedeven"><td rowspan="1">Project1Ecommerce.TestCase6SearchFilter</td><td><a href="#m14">search_filter</a></td><td rowspan="1">1725876414163</td><td rowspan="1">3022</td></tr><tr class="passedodd"><td rowspan="1">Project1Ecommerce.TestCase7Details</td><td><a href="#m15">details_page</a></td><td rowspan="1">1725876324985</td><td rowspan="1">9475</td></tr><tr class="passedeven"><td rowspan="1">Project1Ecommerce.TestCase8RelevanceRating</td><td><a href="#m16">relevance_rating</a></td><td rowspan="1">1725876464077</td><td rowspan="1">2661</td></tr><tr class="passedodd"><td rowspan="1">Project1Ecommerce.TestCase9Cart</td><td><a href="#m17">add_cart</a></td><td rowspan="1">1725876236521</td><td rowspan="1">12927</td></tr></tbody>
</table>
<h2>Test</h2><h3 id="m0">Project1Ecommerce.TestCase14OrdersRating#ordersRatings</h3><table class="result"><tr><th>Exception</th></tr><tr><td><div class="stacktrace">org.openqa.selenium.NoSuchElementException: no such element: Unable to locate element: {&quot;method&quot;:&quot;css selector&quot;,&quot;selector&quot;:&quot;#nav\-orders&quot;}
  (Session info: chrome=128.0.6613.120)
For documentation on this error, please visit: https://www.selenium.dev/documentation/webdriver/troubleshooting/errors#no-such-element-exception
Build info: version: &apos;4.23.1&apos;, revision: &apos;656257d8e9&apos;
System info: os.name: &apos;Windows 10&apos;, os.arch: &apos;amd64&apos;, os.version: &apos;10.0&apos;, java.version: &apos;17.0.7&apos;
Driver info: org.openqa.selenium.chrome.ChromeDriver
Command: [6c007ca5e561890c03c6c089780038ad, findElement {using=id, value=nav-orders}]
Capabilities {acceptInsecureCerts: false, browserName: chrome, browserVersion: 128.0.6613.120, chrome: {chromedriverVersion: 128.0.6613.119 (6e439cfca4d..., userDataDir: C:\Users\SURYA-~1\AppData\L...}, fedcm:accounts: true, goog:chromeOptions: {debuggerAddress: localhost:58625}, networkConnectionEnabled: false, pageLoadStrategy: normal, platformName: windows, proxy: Proxy(), se:cdp: ws://localhost:58625/devtoo..., se:cdpVersion: 128.0.6613.120, setWindowRect: true, strictFileInteractability: false, timeouts: {implicit: 0, pageLoad: 300000, script: 30000}, unhandledPromptBehavior: dismiss and notify, webauthn:extension:credBlob: true, webauthn:extension:largeBlob: true, webauthn:extension:minPinLength: true, webauthn:extension:prf: true, webauthn:virtualAuthenticators: true}
Session ID: 6c007ca5e561890c03c6c089780038ad
	at org.openqa.selenium.remote.ErrorCodec.decode(ErrorCodec.java:167)
	at org.openqa.selenium.remote.codec.w3c.W3CHttpResponseCodec.decode(W3CHttpResponseCodec.java:138)
	at org.openqa.selenium.remote.codec.w3c.W3CHttpResponseCodec.decode(W3CHttpResponseCodec.java:50)
	at org.openqa.selenium.remote.HttpCommandExecutor.execute(HttpCommandExecutor.java:190)
	at org.openqa.selenium.remote.service.DriverCommandExecutor.invokeExecute(DriverCommandExecutor.java:216)
	at org.openqa.selenium.remote.service.DriverCommandExecutor.execute(DriverCommandExecutor.java:174)
	at org.openqa.selenium.remote.RemoteWebDriver.execute(RemoteWebDriver.java:545)
	at org.openqa.selenium.remote.ElementLocation$ElementFinder$2.findElement(ElementLocation.java:165)
	at org.openqa.selenium.remote.ElementLocation.findElement(ElementLocation.java:59)
	at org.openqa.selenium.remote.RemoteWebDriver.findElement(RemoteWebDriver.java:368)
	at org.openqa.selenium.remote.RemoteWebDriver.findElement(RemoteWebDriver.java:362)
	at org.openqa.selenium.support.pagefactory.DefaultElementLocator.findElement(DefaultElementLocator.java:68)
	at org.openqa.selenium.support.pagefactory.internal.LocatingElementHandler.invoke(LocatingElementHandler.java:38)
	at jdk.proxy2/jdk.proxy2.$Proxy11.click(Unknown Source)
	at elementAmazon.homePageAmazon.order_click(homePageAmazon.java:71)
	at Project1Ecommerce.TestCase14OrdersRating.ordersRatings(TestCase14OrdersRating.java:18)
	at java.base/java.util.ArrayList.forEach(ArrayList.java:1511)
... Removed 36 stack frames</div></td></tr></table><p class="totop"><a href="#summary">back to summary</a></p>
<h3 id="m1">Project1Ecommerce.TestCase4SuccessEdit#successEdit</h3><table class="result"><tr><th>Exception</th></tr><tr><td><div class="stacktrace">org.openqa.selenium.json.JsonException: java.lang.reflect.InvocationTargetException
Build info: version: &apos;4.23.1&apos;, revision: &apos;656257d8e9&apos;
System info: os.name: &apos;Windows 10&apos;, os.arch: &apos;amd64&apos;, os.version: &apos;10.0&apos;, java.version: &apos;17.0.7&apos;
Driver info: org.openqa.selenium.chrome.ChromeDriver
Command: [9fc70e108997c038e77cadd39d53c9fe, actions {actions=[org.openqa.selenium.interactions.Sequence@61d34b4]}]
Capabilities {acceptInsecureCerts: false, browserName: chrome, browserVersion: 128.0.6613.120, chrome: {chromedriverVersion: 128.0.6613.119 (6e439cfca4d..., userDataDir: C:\Users\SURYA-~1\AppData\L...}, fedcm:accounts: true, goog:chromeOptions: {debuggerAddress: localhost:57845}, networkConnectionEnabled: false, pageLoadStrategy: normal, platformName: windows, proxy: Proxy(), se:cdp: ws://localhost:57845/devtoo..., se:cdpVersion: 128.0.6613.120, setWindowRect: true, strictFileInteractability: false, timeouts: {implicit: 0, pageLoad: 300000, script: 30000}, unhandledPromptBehavior: dismiss and notify, webauthn:extension:credBlob: true, webauthn:extension:largeBlob: true, webauthn:extension:minPinLength: true, webauthn:extension:prf: true, webauthn:virtualAuthenticators: true}
Session ID: 9fc70e108997c038e77cadd39d53c9fe
	at org.openqa.selenium.json.JsonOutput.convertUsingMethod(JsonOutput.java:520)
	at org.openqa.selenium.json.JsonOutput.lambda$new$16(JsonOutput.java:182)
	at org.openqa.selenium.json.JsonOutput.write0(JsonOutput.java:409)
	at org.openqa.selenium.json.JsonOutput.lambda$new$22(JsonOutput.java:204)
	at java.base/java.util.stream.ForEachOps$ForEachOp$OfRef.accept(ForEachOps.java:183)
	at java.base/java.util.stream.ReferencePipeline$2$1.accept(ReferencePipeline.java:179)
	at java.base/java.util.Iterator.forEachRemaining(Iterator.java:133)
	at java.base/java.util.Spliterators$IteratorSpliterator.forEachRemaining(Spliterators.java:1845)
	at java.base/java.util.stream.AbstractPipeline.copyInto(AbstractPipeline.java:509)
	at java.base/java.util.stream.AbstractPipeline.wrapAndCopyInto(AbstractPipeline.java:499)
	at java.base/java.util.stream.ForEachOps$ForEachOp.evaluateSequential(ForEachOps.java:150)
	at java.base/java.util.stream.ForEachOps$ForEachOp$OfRef.evaluateSequential(ForEachOps.java:173)
	at java.base/java.util.stream.AbstractPipeline.evaluate(AbstractPipeline.java:234)
	at java.base/java.util.stream.ReferencePipeline.forEach(ReferencePipeline.java:596)
	at org.openqa.selenium.json.JsonOutput.lambda$new$23(JsonOutput.java:204)
	at org.openqa.selenium.json.JsonOutput.write0(JsonOutput.java:409)
	at org.openqa.selenium.json.JsonOutput.lambda$new$24(JsonOutput.java:222)
	at java.base/java.util.Map.forEach(Map.java:713)
	at org.openqa.selenium.json.JsonOutput.lambda$new$25(JsonOutput.java:217)
	at org.openqa.selenium.json.JsonOutput.write0(JsonOutput.java:409)
	at org.openqa.selenium.json.JsonOutput.write(JsonOutput.java:400)
	at org.openqa.selenium.json.Json.toJson(Json.java:133)
	at org.openqa.selenium.json.Json.toJson(Json.java:119)
	at org.openqa.selenium.remote.codec.AbstractHttpCommandCodec.encode(AbstractHttpCommandCodec.java:245)
	at org.openqa.selenium.remote.codec.AbstractHttpCommandCodec.encode(AbstractHttpCommandCodec.java:111)
	at org.openqa.selenium.remote.HttpCommandExecutor.execute(HttpCommandExecutor.java:178)
	at org.openqa.selenium.remote.service.DriverCommandExecutor.invokeExecute(DriverCommandExecutor.java:216)
	at org.openqa.selenium.remote.service.DriverCommandExecutor.execute(DriverCommandExecutor.java:174)
	at org.openqa.selenium.remote.RemoteWebDriver.execute(RemoteWebDriver.java:545)
	at org.openqa.selenium.remote.RemoteWebDriver.perform(RemoteWebDriver.java:631)
	at org.openqa.selenium.interactions.Actions$BuiltAction.perform(Actions.java:613)
	at org.openqa.selenium.interactions.Actions.perform(Actions.java:578)
	at elementAmazon.homePageAmazon.account_list(homePageAmazon.java:55)
	at Project1Ecommerce.TestCase4SuccessEdit.successEdit(TestCase4SuccessEdit.java:21)
	at java.base/java.util.ArrayList.forEach(ArrayList.java:1511)
	Suppressed: org.openqa.selenium.json.JsonException: Attempting to close incomplete json stream
Build info: version: &apos;4.23.1&apos;, revision: &apos;656257d8e9&apos;
System info: os.name: &apos;Windows 10&apos;, os.arch: &apos;amd64&apos;, os.version: &apos;10.0&apos;, java.version: &apos;17.0.7&apos;
Driver info: driver.version: RemoteWebDriver
		at org.openqa.selenium.json.JsonOutput.close(JsonOutput.java:431)
		at org.openqa.selenium.json.Json.toJson(Json.java:131)
		... 44 more
	at org.openqa.selenium.json.JsonOutput.convertUsingMethod(JsonOutput.java:516)
	... 65 more
Caused by: org.openqa.selenium.NoSuchElementException: no such element: Unable to locate element: {&quot;method&quot;:&quot;css selector&quot;,&quot;selector&quot;:&quot;#nav\-link\-accountList&quot;}
  (Session info: chrome=128.0.6613.120)
For documentation on this error, please visit: https://www.selenium.dev/documentation/webdriver/troubleshooting/errors#no-such-element-exception
Build info: version: &apos;4.23.1&apos;, revision: &apos;656257d8e9&apos;
System info: os.name: &apos;Windows 10&apos;, os.arch: &apos;amd64&apos;, os.version: &apos;10.0&apos;, java.version: &apos;17.0.7&apos;
Driver info: org.openqa.selenium.chrome.ChromeDriver
Command: [9fc70e108997c038e77cadd39d53c9fe, findElement {using=id, value=nav-link-accountList}]
Capabilities {acceptInsecureCerts: false, browserName: chrome, browserVersion: 128.0.6613.120, chrome: {chromedriverVersion: 128.0.6613.119 (6e439cfca4d..., userDataDir: C:\Users\SURYA-~1\AppData\L...}, fedcm:accounts: true, goog:chromeOptions: {debuggerAddress: localhost:57845}, networkConnectionEnabled: false, pageLoadStrategy: normal, platformName: windows, proxy: Proxy(), se:cdp: ws://localhost:57845/devtoo..., se:cdpVersion: 128.0.6613.120, setWindowRect: true, strictFileInteractability: false, timeouts: {implicit: 0, pageLoad: 300000, script: 30000}, unhandledPromptBehavior: dismiss and notify, webauthn:extension:credBlob: true, webauthn:extension:largeBlob: true, webauthn:extension:minPinLength: true, webauthn:extension:prf: true, webauthn:virtualAuthenticators: true}
Session ID: 9fc70e108997c038e77cadd39d53c9fe
	at org.openqa.selenium.remote.ErrorCodec.decode(ErrorCodec.java:167)
	at org.openqa.selenium.remote.codec.w3c.W3CHttpResponseCodec.decode(W3CHttpResponseCodec.java:138)
	at org.openqa.selenium.remote.codec.w3c.W3CHttpResponseCodec.decode(W3CHttpResponseCodec.java:50)
	at org.openqa.selenium.remote.HttpCommandExecutor.execute(HttpCommandExecutor.java:190)
	at org.openqa.selenium.remote.service.DriverCommandExecutor.invokeExecute(DriverCommandExecutor.java:216)
	at org.openqa.selenium.remote.service.DriverCommandExecutor.execute(DriverCommandExecutor.java:174)
	at org.openqa.selenium.remote.RemoteWebDriver.execute(RemoteWebDriver.java:545)
	at org.openqa.selenium.remote.ElementLocation$ElementFinder$2.findElement(ElementLocation.java:165)
	at org.openqa.selenium.remote.ElementLocation.findElement(ElementLocation.java:59)
	at org.openqa.selenium.remote.RemoteWebDriver.findElement(RemoteWebDriver.java:368)
	at org.openqa.selenium.remote.RemoteWebDriver.findElement(RemoteWebDriver.java:362)
	at org.openqa.selenium.support.pagefactory.DefaultElementLocator.findElement(DefaultElementLocator.java:68)
	at org.openqa.selenium.support.pagefactory.internal.LocatingElementHandler.invoke(LocatingElementHandler.java:38)
	at jdk.proxy2/jdk.proxy2.$Proxy11.getWrappedElement(Unknown Source)
	at org.openqa.selenium.interactions.PointerInput$Origin.asArg(PointerInput.java:259)
	at org.openqa.selenium.interactions.PointerInput$Move.encode(PointerInput.java:208)
	at org.openqa.selenium.interactions.Sequence.encode(Sequence.java:72)
	at org.openqa.selenium.interactions.Sequence.toJson(Sequence.java:81)
	... 70 more
... Removed 41 stack frames</div></td></tr></table><p class="totop"><a href="#summary">back to summary</a></p>
<h3 id="m2">Project1Ecommerce.TestCase4SuccessEdit#successEdit</h3><table class="result"><tr><th>Exception</th></tr><tr><td><div class="stacktrace">org.openqa.selenium.NoSuchElementException: no such element: Unable to locate element: {&quot;method&quot;:&quot;xpath&quot;,&quot;selector&quot;:&quot;//span[.=&apos;Hello, sign in&apos;]&quot;}
  (Session info: chrome=128.0.6613.120)
For documentation on this error, please visit: https://www.selenium.dev/documentation/webdriver/troubleshooting/errors#no-such-element-exception
Build info: version: &apos;4.23.1&apos;, revision: &apos;656257d8e9&apos;
System info: os.name: &apos;Windows 10&apos;, os.arch: &apos;amd64&apos;, os.version: &apos;10.0&apos;, java.version: &apos;17.0.7&apos;
Driver info: org.openqa.selenium.chrome.ChromeDriver
Command: [7f78143eb5939a0a3a74cfbd30627942, findElement {using=xpath, value=//span[.=&apos;Hello, sign in&apos;]}]
Capabilities {acceptInsecureCerts: false, browserName: chrome, browserVersion: 128.0.6613.120, chrome: {chromedriverVersion: 128.0.6613.119 (6e439cfca4d..., userDataDir: C:\Users\SURYA-~1\AppData\L...}, fedcm:accounts: true, goog:chromeOptions: {debuggerAddress: localhost:57914}, networkConnectionEnabled: false, pageLoadStrategy: normal, platformName: windows, proxy: Proxy(), se:cdp: ws://localhost:57914/devtoo..., se:cdpVersion: 128.0.6613.120, setWindowRect: true, strictFileInteractability: false, timeouts: {implicit: 0, pageLoad: 300000, script: 30000}, unhandledPromptBehavior: dismiss and notify, webauthn:extension:credBlob: true, webauthn:extension:largeBlob: true, webauthn:extension:minPinLength: true, webauthn:extension:prf: true, webauthn:virtualAuthenticators: true}
Session ID: 7f78143eb5939a0a3a74cfbd30627942
	at org.openqa.selenium.remote.ErrorCodec.decode(ErrorCodec.java:167)
	at org.openqa.selenium.remote.codec.w3c.W3CHttpResponseCodec.decode(W3CHttpResponseCodec.java:138)
	at org.openqa.selenium.remote.codec.w3c.W3CHttpResponseCodec.decode(W3CHttpResponseCodec.java:50)
	at org.openqa.selenium.remote.HttpCommandExecutor.execute(HttpCommandExecutor.java:190)
	at org.openqa.selenium.remote.service.DriverCommandExecutor.invokeExecute(DriverCommandExecutor.java:216)
	at org.openqa.selenium.remote.service.DriverCommandExecutor.execute(DriverCommandExecutor.java:174)
	at org.openqa.selenium.remote.RemoteWebDriver.execute(RemoteWebDriver.java:545)
	at org.openqa.selenium.remote.ElementLocation$ElementFinder$2.findElement(ElementLocation.java:165)
	at org.openqa.selenium.remote.ElementLocation.findElement(ElementLocation.java:59)
	at org.openqa.selenium.remote.RemoteWebDriver.findElement(RemoteWebDriver.java:368)
	at org.openqa.selenium.remote.RemoteWebDriver.findElement(RemoteWebDriver.java:362)
	at org.openqa.selenium.support.pagefactory.DefaultElementLocator.findElement(DefaultElementLocator.java:68)
	at org.openqa.selenium.support.pagefactory.internal.LocatingElementHandler.invoke(LocatingElementHandler.java:38)
	at jdk.proxy2/jdk.proxy2.$Proxy11.click(Unknown Source)
	at elementAmazon.homePageAmazon.signIN(homePageAmazon.java:45)
	at Project1Ecommerce.TestCase4SuccessEdit.successEdit(TestCase4SuccessEdit.java:17)
	at java.base/java.util.ArrayList.forEach(ArrayList.java:1511)
... Removed 36 stack frames</div></td></tr></table><p class="totop"><a href="#summary">back to summary</a></p>
<h3 id="m3">Project1Ecommerce.TestCase9Cart#add_cart</h3><table class="result"><tr><th>Exception</th></tr><tr><td><div class="stacktrace">org.openqa.selenium.NoSuchElementException: no such element: Unable to locate element: {&quot;method&quot;:&quot;css selector&quot;,&quot;selector&quot;:&quot;#twotabsearchtextbox&quot;}
  (Session info: chrome=128.0.6613.120)
For documentation on this error, please visit: https://www.selenium.dev/documentation/webdriver/troubleshooting/errors#no-such-element-exception
Build info: version: &apos;4.23.1&apos;, revision: &apos;656257d8e9&apos;
System info: os.name: &apos;Windows 10&apos;, os.arch: &apos;amd64&apos;, os.version: &apos;10.0&apos;, java.version: &apos;17.0.7&apos;
Driver info: org.openqa.selenium.chrome.ChromeDriver
Command: [b5fe917d1f59948dc66f96115ba1f689, findElement {using=id, value=twotabsearchtextbox}]
Capabilities {acceptInsecureCerts: false, browserName: chrome, browserVersion: 128.0.6613.120, chrome: {chromedriverVersion: 128.0.6613.119 (6e439cfca4d..., userDataDir: C:\Users\SURYA-~1\AppData\L...}, fedcm:accounts: true, goog:chromeOptions: {debuggerAddress: localhost:58276}, networkConnectionEnabled: false, pageLoadStrategy: normal, platformName: windows, proxy: Proxy(), se:cdp: ws://localhost:58276/devtoo..., se:cdpVersion: 128.0.6613.120, setWindowRect: true, strictFileInteractability: false, timeouts: {implicit: 0, pageLoad: 300000, script: 30000}, unhandledPromptBehavior: dismiss and notify, webauthn:extension:credBlob: true, webauthn:extension:largeBlob: true, webauthn:extension:minPinLength: true, webauthn:extension:prf: true, webauthn:virtualAuthenticators: true}
Session ID: b5fe917d1f59948dc66f96115ba1f689
	at org.openqa.selenium.remote.ErrorCodec.decode(ErrorCodec.java:167)
	at org.openqa.selenium.remote.codec.w3c.W3CHttpResponseCodec.decode(W3CHttpResponseCodec.java:138)
	at org.openqa.selenium.remote.codec.w3c.W3CHttpResponseCodec.decode(W3CHttpResponseCodec.java:50)
	at org.openqa.selenium.remote.HttpCommandExecutor.execute(HttpCommandExecutor.java:190)
	at org.openqa.selenium.remote.service.DriverCommandExecutor.invokeExecute(DriverCommandExecutor.java:216)
	at org.openqa.selenium.remote.service.DriverCommandExecutor.execute(DriverCommandExecutor.java:174)
	at org.openqa.selenium.remote.RemoteWebDriver.execute(RemoteWebDriver.java:545)
	at org.openqa.selenium.remote.ElementLocation$ElementFinder$2.findElement(ElementLocation.java:165)
	at org.openqa.selenium.remote.ElementLocation.findElement(ElementLocation.java:59)
	at org.openqa.selenium.remote.RemoteWebDriver.findElement(RemoteWebDriver.java:368)
	at org.openqa.selenium.remote.RemoteWebDriver.findElement(RemoteWebDriver.java:362)
	at org.openqa.selenium.support.pagefactory.DefaultElementLocator.findElement(DefaultElementLocator.java:68)
	at org.openqa.selenium.support.pagefactory.internal.LocatingElementHandler.invoke(LocatingElementHandler.java:38)
	at jdk.proxy2/jdk.proxy2.$Proxy11.sendKeys(Unknown Source)
	at elementAmazon.homePageAmazon.searchField(homePageAmazon.java:49)
	at Project1Ecommerce.TestCase9Cart.add_cart(TestCase9Cart.java:22)
	at java.base/java.util.ArrayList.forEach(ArrayList.java:1511)
... Removed 36 stack frames</div></td></tr></table><p class="totop"><a href="#summary">back to summary</a></p>
<h3 id="m4">Project1Ecommerce.TestCase10UpdateQuantitiesRemoveItem#updateQuantityCart</h3><table class="result"><tr><th>Messages</th></tr><tr><td><div class="messages">TestCASE is Passed, Check Screenshots for better INFO</div></td></tr></table><p class="totop"><a href="#summary">back to summary</a></p>
<h3 id="m5">Project1Ecommerce.TestCase11CheckOut#Check_Out_Process</h3><table class="result"><tr><th>Messages</th></tr><tr><td><div class="messages">TestCASE is Passed, Check Screenshots for better INFO</div></td></tr></table><p class="totop"><a href="#summary">back to summary</a></p>
<h3 id="m6">Project1Ecommerce.TestCase12EachPayment#select_each_payment</h3><table class="result"><tr><th>Messages</th></tr><tr><td><div class="messages">TestCASE is Passed, Check Screenshots for better INFO</div></td></tr></table><p class="totop"><a href="#summary">back to summary</a></p>
<h3 id="m7">Project1Ecommerce.TestCase13CouponCode#couponCodeApply</h3><table class="result"><tr><th>Messages</th></tr><tr><td><div class="messages">TestCASE is Passed, Check Screenshots for better INFO</div></td></tr></table><p class="totop"><a href="#summary">back to summary</a></p>
<h3 id="m8">Project1Ecommerce.TestCase14OrdersRating#ordersRatings</h3><table class="result"><tr><th>Messages</th></tr><tr><td><div class="messages">TestCASE is Passed, Check Screenshots for better INFO</div></td></tr></table><p class="totop"><a href="#summary">back to summary</a></p>
<h3 id="m9">Project1Ecommerce.TestCase15CartwithoutLogin#cartWithoutLogin</h3><table class="result"><tr><th>Messages</th></tr><tr><td><div class="messages">TestCASE is Passed, Check Screenshots for better INFO</div></td></tr></table><p class="totop"><a href="#summary">back to summary</a></p>
<h3 id="m10">Project1Ecommerce.TestCase2Login#loginamazon</h3><table class="result"><tr><th>Messages</th></tr><tr><td><div class="messages">TestCASE is Passed, Check Screenshots for better INFO</div></td></tr></table><p class="totop"><a href="#summary">back to summary</a></p>
<h3 id="m11">Project1Ecommerce.TestCase3LoginFails#loginfailamazon</h3><table class="result"><tr><th>Messages</th></tr><tr><td><div class="messages">TestCASE is Passed, Check Screenshots for better INFO</div></td></tr></table><p class="totop"><a href="#summary">back to summary</a></p>
<h3 id="m12">Project1Ecommerce.TestCase4SuccessEdit#successEdit</h3><table class="result"><tr><th>Messages</th></tr><tr><td><div class="messages">TestCASE is Passed, Check Screenshots for better INFO</div></td></tr></table><p class="totop"><a href="#summary">back to summary</a></p>
<h3 id="m13">Project1Ecommerce.TestCase5Search#amazon_search</h3><table class="result"><tr><th>Messages</th></tr><tr><td><div class="messages">TestCASE is Passed, Check Screenshots for better INFO</div></td></tr></table><p class="totop"><a href="#summary">back to summary</a></p>
<h3 id="m14">Project1Ecommerce.TestCase6SearchFilter#search_filter</h3><table class="result"><tr><th>Messages</th></tr><tr><td><div class="messages">TestCASE is Passed, Check Screenshots for better INFO</div></td></tr></table><p class="totop"><a href="#summary">back to summary</a></p>
<h3 id="m15">Project1Ecommerce.TestCase7Details#details_page</h3><table class="result"><tr><th>Messages</th></tr><tr><td><div class="messages">TestCASE is Passed, Check Screenshots for better INFO</div></td></tr></table><p class="totop"><a href="#summary">back to summary</a></p>
<h3 id="m16">Project1Ecommerce.TestCase8RelevanceRating#relevance_rating</h3><table class="result"><tr><th>Messages</th></tr><tr><td><div class="messages">TestCASE is Passed, Check Screenshots for better INFO</div></td></tr></table><p class="totop"><a href="#summary">back to summary</a></p>
<h3 id="m17">Project1Ecommerce.TestCase9Cart#add_cart</h3><table class="result"><tr><th>Messages</th></tr><tr><td><div class="messages">TestCASE is Passed, Check Screenshots for better INFO</div></td></tr></table><p class="totop"><a href="#summary">back to summary</a></p>
</body>
</html>
