<?xml version="1.0" encoding="UTF-8"?>
<testng-results retried="4" ignored="4" total="22" passed="14" failed="0" skipped="0">
  <reporter-output>
    <line>
      <![CDATA[TestCASE is Passed, Check Screenshots for better INFO]]>
    </line>
    <line>
      <![CDATA[TestCASE is Passed, Check Screenshots for better INFO]]>
    </line>
    <line>
      <![CDATA[TestCASE is Passed, Check Screenshots for better INFO]]>
    </line>
    <line>
      <![CDATA[TestCASE is Passed, Check Screenshots for better INFO]]>
    </line>
    <line>
      <![CDATA[TestCASE is Passed, Check Screenshots for better INFO]]>
    </line>
    <line>
      <![CDATA[TestCASE is Passed, Check Screenshots for better INFO]]>
    </line>
    <line>
      <![CDATA[TestCASE is Passed, Check Screenshots for better INFO]]>
    </line>
    <line>
      <![CDATA[TestCASE is Passed, Check Screenshots for better INFO]]>
    </line>
    <line>
      <![CDATA[TestCASE is Passed, Check Screenshots for better INFO]]>
    </line>
    <line>
      <![CDATA[TestCASE is Passed, Check Screenshots for better INFO]]>
    </line>
    <line>
      <![CDATA[TestCASE is Passed, Check Screenshots for better INFO]]>
    </line>
    <line>
      <![CDATA[TestCASE is Passed, Check Screenshots for better INFO]]>
    </line>
    <line>
      <![CDATA[TestCASE is Passed, Check Screenshots for better INFO]]>
    </line>
    <line>
      <![CDATA[TestCASE is Passed, Check Screenshots for better INFO]]>
    </line>
  </reporter-output>
  <suite started-at="2024-09-09T15:29:32 IST" name="Suite" finished-at="2024-09-09T15:38:12 IST" duration-ms="519828">
    <groups>
    </groups>
    <test started-at="2024-09-09T15:29:32 IST" name="Test" finished-at="2024-09-09T15:38:12 IST" duration-ms="519828">
      <class name="Project1Ecommerce.TestCase8RelevanceRating">
        <test-method is-config="true" signature="launchBrowser()[pri:0, instance:Project1Ecommerce.TestCase8RelevanceRating@564fabc8]" started-at="2024-09-09T15:37:38 IST" name="launchBrowser" finished-at="2024-09-09T15:37:44 IST" duration-ms="5599" status="PASS">
          <reporter-output>
          </reporter-output>
        </test-method> <!-- launchBrowser -->
        <test-method signature="relevance_rating()[pri:0, instance:Project1Ecommerce.TestCase8RelevanceRating@564fabc8]" started-at="2024-09-09T15:37:44 IST" name="relevance_rating" finished-at="2024-09-09T15:37:46 IST" duration-ms="2661" status="PASS">
          <reporter-output>
            <line>
              <![CDATA[TestCASE is Passed, Check Screenshots for better INFO]]>
            </line>
          </reporter-output>
        </test-method> <!-- relevance_rating -->
        <test-method is-config="true" signature="quitBrowser()[pri:0, instance:Project1Ecommerce.TestCase8RelevanceRating@564fabc8]" started-at="2024-09-09T15:37:47 IST" name="quitBrowser" finished-at="2024-09-09T15:37:47 IST" duration-ms="156" status="PASS">
          <reporter-output>
          </reporter-output>
        </test-method> <!-- quitBrowser -->
      </class> <!-- Project1Ecommerce.TestCase8RelevanceRating -->
      <class name="Project1Ecommerce.TestCase7Details">
        <test-method is-config="true" signature="launchBrowser()[pri:0, instance:Project1Ecommerce.TestCase7Details@3a93b025]" started-at="2024-09-09T15:34:39 IST" name="launchBrowser" finished-at="2024-09-09T15:35:24 IST" duration-ms="45828" status="PASS">
          <reporter-output>
          </reporter-output>
        </test-method> <!-- launchBrowser -->
        <test-method signature="details_page()[pri:0, instance:Project1Ecommerce.TestCase7Details@3a93b025]" started-at="2024-09-09T15:35:24 IST" name="details_page" finished-at="2024-09-09T15:35:34 IST" duration-ms="9475" status="PASS">
          <reporter-output>
            <line>
              <![CDATA[TestCASE is Passed, Check Screenshots for better INFO]]>
            </line>
          </reporter-output>
        </test-method> <!-- details_page -->
        <test-method is-config="true" signature="quitBrowser()[pri:0, instance:Project1Ecommerce.TestCase7Details@3a93b025]" started-at="2024-09-09T15:35:34 IST" name="quitBrowser" finished-at="2024-09-09T15:35:35 IST" duration-ms="205" status="PASS">
          <reporter-output>
          </reporter-output>
        </test-method> <!-- quitBrowser -->
      </class> <!-- Project1Ecommerce.TestCase7Details -->
      <class name="Project1Ecommerce.TestCase14OrdersRating">
        <test-method is-config="true" signature="launchBrowser()[pri:0, instance:Project1Ecommerce.TestCase14OrdersRating@35cabb2a]" started-at="2024-09-09T15:35:35 IST" name="launchBrowser" finished-at="2024-09-09T15:35:39 IST" duration-ms="3856" status="PASS">
          <reporter-output>
          </reporter-output>
        </test-method> <!-- launchBrowser -->
        <test-method retried="true" signature="ordersRatings()[pri:0, instance:Project1Ecommerce.TestCase14OrdersRating@35cabb2a]" started-at="2024-09-09T15:35:39 IST" name="ordersRatings" finished-at="2024-09-09T15:36:11 IST" duration-ms="32163" status="SKIP">
          <exception class="org.openqa.selenium.NoSuchElementException">
            <message>
              <![CDATA[no such element: Unable to locate element: {"method":"css selector","selector":"#nav\-orders"}
  (Session info: chrome=128.0.6613.120)
For documentation on this error, please visit: https://www.selenium.dev/documentation/webdriver/troubleshooting/errors#no-such-element-exception
Build info: version: '4.23.1', revision: '656257d8e9'
System info: os.name: 'Windows 10', os.arch: 'amd64', os.version: '10.0', java.version: '17.0.7'
Driver info: org.openqa.selenium.chrome.ChromeDriver
Command: [6c007ca5e561890c03c6c089780038ad, findElement {using=id, value=nav-orders}]
Capabilities {acceptInsecureCerts: false, browserName: chrome, browserVersion: 128.0.6613.120, chrome: {chromedriverVersion: 128.0.6613.119 (6e439cfca4d..., userDataDir: C:\Users\SURYA-~1\AppData\L...}, fedcm:accounts: true, goog:chromeOptions: {debuggerAddress: localhost:58625}, networkConnectionEnabled: false, pageLoadStrategy: normal, platformName: windows, proxy: Proxy(), se:cdp: ws://localhost:58625/devtoo..., se:cdpVersion: 128.0.6613.120, setWindowRect: true, strictFileInteractability: false, timeouts: {implicit: 0, pageLoad: 300000, script: 30000}, unhandledPromptBehavior: dismiss and notify, webauthn:extension:credBlob: true, webauthn:extension:largeBlob: true, webauthn:extension:minPinLength: true, webauthn:extension:prf: true, webauthn:virtualAuthenticators: true}
Session ID: 6c007ca5e561890c03c6c089780038ad]]>
            </message>
            <full-stacktrace>
              <![CDATA[org.openqa.selenium.NoSuchElementException: no such element: Unable to locate element: {"method":"css selector","selector":"#nav\-orders"}
  (Session info: chrome=128.0.6613.120)
For documentation on this error, please visit: https://www.selenium.dev/documentation/webdriver/troubleshooting/errors#no-such-element-exception
Build info: version: '4.23.1', revision: '656257d8e9'
System info: os.name: 'Windows 10', os.arch: 'amd64', os.version: '10.0', java.version: '17.0.7'
Driver info: org.openqa.selenium.chrome.ChromeDriver
Command: [6c007ca5e561890c03c6c089780038ad, findElement {using=id, value=nav-orders}]
Capabilities {acceptInsecureCerts: false, browserName: chrome, browserVersion: 128.0.6613.120, chrome: {chromedriverVersion: 128.0.6613.119 (6e439cfca4d..., userDataDir: C:\Users\SURYA-~1\AppData\L...}, fedcm:accounts: true, goog:chromeOptions: {debuggerAddress: localhost:58625}, networkConnectionEnabled: false, pageLoadStrategy: normal, platformName: windows, proxy: Proxy(), se:cdp: ws://localhost:58625/devtoo..., se:cdpVersion: 128.0.6613.120, setWindowRect: true, strictFileInteractability: false, timeouts: {implicit: 0, pageLoad: 300000, script: 30000}, unhandledPromptBehavior: dismiss and notify, webauthn:extension:credBlob: true, webauthn:extension:largeBlob: true, webauthn:extension:minPinLength: true, webauthn:extension:prf: true, webauthn:virtualAuthenticators: true}
Session ID: 6c007ca5e561890c03c6c089780038ad
at java.base/jdk.internal.reflect.NativeConstructorAccessorImpl.newInstance0(Native Method)
at java.base/jdk.internal.reflect.NativeConstructorAccessorImpl.newInstance(NativeConstructorAccessorImpl.java:77)
at java.base/jdk.internal.reflect.DelegatingConstructorAccessorImpl.newInstance(DelegatingConstructorAccessorImpl.java:45)
at java.base/java.lang.reflect.Constructor.newInstanceWithCaller(Constructor.java:499)
at java.base/java.lang.reflect.Constructor.newInstance(Constructor.java:480)
at org.openqa.selenium.remote.ErrorCodec.decode(ErrorCodec.java:167)
at org.openqa.selenium.remote.codec.w3c.W3CHttpResponseCodec.decode(W3CHttpResponseCodec.java:138)
at org.openqa.selenium.remote.codec.w3c.W3CHttpResponseCodec.decode(W3CHttpResponseCodec.java:50)
at org.openqa.selenium.remote.HttpCommandExecutor.execute(HttpCommandExecutor.java:190)
at org.openqa.selenium.remote.service.DriverCommandExecutor.invokeExecute(DriverCommandExecutor.java:216)
at org.openqa.selenium.remote.service.DriverCommandExecutor.execute(DriverCommandExecutor.java:174)
at org.openqa.selenium.remote.RemoteWebDriver.execute(RemoteWebDriver.java:545)
at org.openqa.selenium.remote.ElementLocation$ElementFinder$2.findElement(ElementLocation.java:165)
at org.openqa.selenium.remote.ElementLocation.findElement(ElementLocation.java:59)
at org.openqa.selenium.remote.RemoteWebDriver.findElement(RemoteWebDriver.java:368)
at org.openqa.selenium.remote.RemoteWebDriver.findElement(RemoteWebDriver.java:362)
at org.openqa.selenium.support.pagefactory.DefaultElementLocator.findElement(DefaultElementLocator.java:68)
at org.openqa.selenium.support.pagefactory.internal.LocatingElementHandler.invoke(LocatingElementHandler.java:38)
at jdk.proxy2/jdk.proxy2.$Proxy11.click(Unknown Source)
at elementAmazon.homePageAmazon.order_click(homePageAmazon.java:71)
at Project1Ecommerce.TestCase14OrdersRating.ordersRatings(TestCase14OrdersRating.java:18)
at java.base/jdk.internal.reflect.NativeMethodAccessorImpl.invoke0(Native Method)
at java.base/jdk.internal.reflect.NativeMethodAccessorImpl.invoke(NativeMethodAccessorImpl.java:77)
at java.base/jdk.internal.reflect.DelegatingMethodAccessorImpl.invoke(DelegatingMethodAccessorImpl.java:43)
at java.base/java.lang.reflect.Method.invoke(Method.java:568)
at org.testng.internal.invokers.MethodInvocationHelper.invokeMethod(MethodInvocationHelper.java:141)
at org.testng.internal.invokers.TestInvoker.invokeMethod(TestInvoker.java:686)
at org.testng.internal.invokers.TestInvoker.invokeTestMethod(TestInvoker.java:230)
at org.testng.internal.invokers.MethodRunner.runInSequence(MethodRunner.java:63)
at org.testng.internal.invokers.TestInvoker$MethodInvocationAgent.invoke(TestInvoker.java:992)
at org.testng.internal.invokers.TestInvoker.invokeTestMethods(TestInvoker.java:203)
at org.testng.internal.invokers.TestMethodWorker.invokeTestMethods(TestMethodWorker.java:154)
at org.testng.internal.invokers.TestMethodWorker.run(TestMethodWorker.java:134)
at java.base/java.util.ArrayList.forEach(ArrayList.java:1511)
at org.testng.TestRunner.privateRun(TestRunner.java:739)
at org.testng.TestRunner.run(TestRunner.java:614)
at org.testng.SuiteRunner.runTest(SuiteRunner.java:421)
at org.testng.SuiteRunner.runSequentially(SuiteRunner.java:413)
at org.testng.SuiteRunner.privateRun(SuiteRunner.java:373)
at org.testng.SuiteRunner.run(SuiteRunner.java:312)
at org.testng.SuiteRunnerWorker.runSuite(SuiteRunnerWorker.java:52)
at org.testng.SuiteRunnerWorker.run(SuiteRunnerWorker.java:95)
at org.testng.TestNG.runSuitesSequentially(TestNG.java:1274)
at org.testng.TestNG.runSuitesLocally(TestNG.java:1208)
at org.testng.TestNG.runSuites(TestNG.java:1112)
at org.testng.TestNG.run(TestNG.java:1079)
at org.apache.maven.surefire.testng.TestNGExecutor.run(TestNGExecutor.java:308)
at org.apache.maven.surefire.testng.TestNGXmlTestSuite.execute(TestNGXmlTestSuite.java:71)
at org.apache.maven.surefire.testng.TestNGProvider.invoke(TestNGProvider.java:113)
at org.apache.maven.surefire.booter.ForkedBooter.runSuitesInProcess(ForkedBooter.java:385)
at org.apache.maven.surefire.booter.ForkedBooter.execute(ForkedBooter.java:162)
at org.apache.maven.surefire.booter.ForkedBooter.run(ForkedBooter.java:507)
at org.apache.maven.surefire.booter.ForkedBooter.main(ForkedBooter.java:495)
]]>
            </full-stacktrace>
          </exception> <!-- org.openqa.selenium.NoSuchElementException -->
          <reporter-output>
          </reporter-output>
        </test-method> <!-- ordersRatings -->
        <test-method is-config="true" signature="quitBrowser()[pri:0, instance:Project1Ecommerce.TestCase14OrdersRating@35cabb2a]" started-at="2024-09-09T15:36:11 IST" name="quitBrowser" finished-at="2024-09-09T15:36:11 IST" duration-ms="192" status="PASS">
          <reporter-output>
          </reporter-output>
        </test-method> <!-- quitBrowser -->
        <test-method is-config="true" signature="launchBrowser()[pri:0, instance:Project1Ecommerce.TestCase14OrdersRating@35cabb2a]" started-at="2024-09-09T15:36:11 IST" name="launchBrowser" finished-at="2024-09-09T15:36:17 IST" duration-ms="5893" status="PASS">
          <reporter-output>
          </reporter-output>
        </test-method> <!-- launchBrowser -->
        <test-method signature="ordersRatings()[pri:0, instance:Project1Ecommerce.TestCase14OrdersRating@35cabb2a]" started-at="2024-09-09T15:36:17 IST" name="ordersRatings" finished-at="2024-09-09T15:36:23 IST" duration-ms="5984" status="PASS">
          <reporter-output>
            <line>
              <![CDATA[TestCASE is Passed, Check Screenshots for better INFO]]>
            </line>
          </reporter-output>
        </test-method> <!-- ordersRatings -->
        <test-method is-config="true" signature="quitBrowser()[pri:0, instance:Project1Ecommerce.TestCase14OrdersRating@35cabb2a]" started-at="2024-09-09T15:36:23 IST" name="quitBrowser" finished-at="2024-09-09T15:36:23 IST" duration-ms="185" status="PASS">
          <reporter-output>
          </reporter-output>
        </test-method> <!-- quitBrowser -->
      </class> <!-- Project1Ecommerce.TestCase14OrdersRating -->
      <class name="Project1Ecommerce.TestCase3LoginFails">
        <test-method is-config="true" signature="launchBrowser()[pri:0, instance:Project1Ecommerce.TestCase3LoginFails@7e07db1f]" started-at="2024-09-09T15:36:23 IST" name="launchBrowser" finished-at="2024-09-09T15:36:42 IST" duration-ms="18532" status="PASS">
          <reporter-output>
          </reporter-output>
        </test-method> <!-- launchBrowser -->
        <test-method signature="loginfailamazon()[pri:0, instance:Project1Ecommerce.TestCase3LoginFails@7e07db1f]" started-at="2024-09-09T15:36:42 IST" name="loginfailamazon" finished-at="2024-09-09T15:36:45 IST" duration-ms="3209" status="PASS">
          <reporter-output>
            <line>
              <![CDATA[TestCASE is Passed, Check Screenshots for better INFO]]>
            </line>
          </reporter-output>
        </test-method> <!-- loginfailamazon -->
        <test-method is-config="true" signature="quitBrowser()[pri:0, instance:Project1Ecommerce.TestCase3LoginFails@7e07db1f]" started-at="2024-09-09T15:36:45 IST" name="quitBrowser" finished-at="2024-09-09T15:36:45 IST" duration-ms="138" status="PASS">
          <reporter-output>
          </reporter-output>
        </test-method> <!-- quitBrowser -->
      </class> <!-- Project1Ecommerce.TestCase3LoginFails -->
      <class name="Project1Ecommerce.TestCase11CheckOut">
        <test-method is-config="true" signature="launchBrowser()[pri:0, instance:Project1Ecommerce.TestCase11CheckOut@38c6f217]" started-at="2024-09-09T15:32:00 IST" name="launchBrowser" finished-at="2024-09-09T15:32:06 IST" duration-ms="5897" status="PASS">
          <reporter-output>
          </reporter-output>
        </test-method> <!-- launchBrowser -->
        <test-method signature="Check_Out_Process()[pri:0, instance:Project1Ecommerce.TestCase11CheckOut@38c6f217]" started-at="2024-09-09T15:32:06 IST" name="Check_Out_Process" finished-at="2024-09-09T15:32:38 IST" duration-ms="32177" status="PASS">
          <reporter-output>
            <line>
              <![CDATA[TestCASE is Passed, Check Screenshots for better INFO]]>
            </line>
          </reporter-output>
        </test-method> <!-- Check_Out_Process -->
        <test-method is-config="true" signature="quitBrowser()[pri:0, instance:Project1Ecommerce.TestCase11CheckOut@38c6f217]" started-at="2024-09-09T15:32:38 IST" name="quitBrowser" finished-at="2024-09-09T15:32:38 IST" duration-ms="256" status="PASS">
          <reporter-output>
          </reporter-output>
        </test-method> <!-- quitBrowser -->
      </class> <!-- Project1Ecommerce.TestCase11CheckOut -->
      <class name="Project1Ecommerce.TestCase15CartwithoutLogin">
        <test-method is-config="true" signature="launchBrowser()[pri:0, instance:Project1Ecommerce.TestCase15CartwithoutLogin@36bc55de]" started-at="2024-09-09T15:36:57 IST" name="launchBrowser" finished-at="2024-09-09T15:37:02 IST" duration-ms="4308" status="PASS">
          <reporter-output>
          </reporter-output>
        </test-method> <!-- launchBrowser -->
        <test-method signature="cartWithoutLogin()[pri:0, instance:Project1Ecommerce.TestCase15CartwithoutLogin@36bc55de]" started-at="2024-09-09T15:37:02 IST" name="cartWithoutLogin" finished-at="2024-09-09T15:37:37 IST" duration-ms="35883" status="PASS">
          <reporter-output>
            <line>
              <![CDATA[TestCASE is Passed, Check Screenshots for better INFO]]>
            </line>
          </reporter-output>
        </test-method> <!-- cartWithoutLogin -->
        <test-method is-config="true" signature="quitBrowser()[pri:0, instance:Project1Ecommerce.TestCase15CartwithoutLogin@36bc55de]" started-at="2024-09-09T15:37:38 IST" name="quitBrowser" finished-at="2024-09-09T15:37:38 IST" duration-ms="187" status="PASS">
          <reporter-output>
          </reporter-output>
        </test-method> <!-- quitBrowser -->
      </class> <!-- Project1Ecommerce.TestCase15CartwithoutLogin -->
      <class name="Project1Ecommerce.TestCase12EachPayment">
        <test-method is-config="true" signature="launchBrowser()[pri:0, instance:Project1Ecommerce.TestCase12EachPayment@5e0826e7]" started-at="2024-09-09T15:29:32 IST" name="launchBrowser" finished-at="2024-09-09T15:29:37 IST" duration-ms="4854" status="PASS">
          <reporter-output>
          </reporter-output>
        </test-method> <!-- launchBrowser -->
        <test-method signature="select_each_payment()[pri:0, instance:Project1Ecommerce.TestCase12EachPayment@5e0826e7]" started-at="2024-09-09T15:29:37 IST" name="select_each_payment" finished-at="2024-09-09T15:29:57 IST" duration-ms="19906" status="PASS">
          <reporter-output>
            <line>
              <![CDATA[TestCASE is Passed, Check Screenshots for better INFO]]>
            </line>
          </reporter-output>
        </test-method> <!-- select_each_payment -->
        <test-method is-config="true" signature="quitBrowser()[pri:0, instance:Project1Ecommerce.TestCase12EachPayment@5e0826e7]" started-at="2024-09-09T15:29:57 IST" name="quitBrowser" finished-at="2024-09-09T15:29:57 IST" duration-ms="273" status="PASS">
          <reporter-output>
          </reporter-output>
        </test-method> <!-- quitBrowser -->
      </class> <!-- Project1Ecommerce.TestCase12EachPayment -->
      <class name="Project1Ecommerce.TestCase5Search">
        <test-method is-config="true" signature="launchBrowser()[pri:0, instance:Project1Ecommerce.TestCase5Search@16d04d3d]" started-at="2024-09-09T15:37:47 IST" name="launchBrowser" finished-at="2024-09-09T15:37:57 IST" duration-ms="10330" status="PASS">
          <reporter-output>
          </reporter-output>
        </test-method> <!-- launchBrowser -->
        <test-method signature="amazon_search()[pri:0, instance:Project1Ecommerce.TestCase5Search@16d04d3d]" started-at="2024-09-09T15:37:57 IST" name="amazon_search" finished-at="2024-09-09T15:38:00 IST" duration-ms="2794" status="PASS">
          <reporter-output>
            <line>
              <![CDATA[TestCASE is Passed, Check Screenshots for better INFO]]>
            </line>
          </reporter-output>
        </test-method> <!-- amazon_search -->
        <test-method is-config="true" signature="quitBrowser()[pri:0, instance:Project1Ecommerce.TestCase5Search@16d04d3d]" started-at="2024-09-09T15:38:00 IST" name="quitBrowser" finished-at="2024-09-09T15:38:01 IST" duration-ms="167" status="PASS">
          <reporter-output>
          </reporter-output>
        </test-method> <!-- quitBrowser -->
      </class> <!-- Project1Ecommerce.TestCase5Search -->
      <class name="Project1Ecommerce.TestCase2Login">
        <test-method is-config="true" signature="launchBrowser()[pri:0, instance:Project1Ecommerce.TestCase2Login@49ec71f8]" started-at="2024-09-09T15:38:01 IST" name="launchBrowser" finished-at="2024-09-09T15:38:05 IST" duration-ms="4286" status="PASS">
          <reporter-output>
          </reporter-output>
        </test-method> <!-- launchBrowser -->
        <test-method signature="loginamazon()[pri:0, instance:Project1Ecommerce.TestCase2Login@49ec71f8]" started-at="2024-09-09T15:38:05 IST" name="loginamazon" finished-at="2024-09-09T15:38:11 IST" duration-ms="5907" status="PASS">
          <reporter-output>
            <line>
              <![CDATA[TestCASE is Passed, Check Screenshots for better INFO]]>
            </line>
          </reporter-output>
        </test-method> <!-- loginamazon -->
        <test-method is-config="true" signature="quitBrowser()[pri:0, instance:Project1Ecommerce.TestCase2Login@49ec71f8]" started-at="2024-09-09T15:38:11 IST" name="quitBrowser" finished-at="2024-09-09T15:38:12 IST" duration-ms="160" status="PASS">
          <reporter-output>
          </reporter-output>
        </test-method> <!-- quitBrowser -->
      </class> <!-- Project1Ecommerce.TestCase2Login -->
      <class name="Project1Ecommerce.TestCase6SearchFilter">
        <test-method is-config="true" signature="launchBrowser()[pri:0, instance:Project1Ecommerce.TestCase6SearchFilter@1189dd52]" started-at="2024-09-09T15:36:45 IST" name="launchBrowser" finished-at="2024-09-09T15:36:54 IST" duration-ms="8236" status="PASS">
          <reporter-output>
          </reporter-output>
        </test-method> <!-- launchBrowser -->
        <test-method signature="search_filter()[pri:0, instance:Project1Ecommerce.TestCase6SearchFilter@1189dd52]" started-at="2024-09-09T15:36:54 IST" name="search_filter" finished-at="2024-09-09T15:36:57 IST" duration-ms="3022" status="PASS">
          <reporter-output>
            <line>
              <![CDATA[TestCASE is Passed, Check Screenshots for better INFO]]>
            </line>
          </reporter-output>
        </test-method> <!-- search_filter -->
        <test-method is-config="true" signature="quitBrowser()[pri:0, instance:Project1Ecommerce.TestCase6SearchFilter@1189dd52]" started-at="2024-09-09T15:36:57 IST" name="quitBrowser" finished-at="2024-09-09T15:36:57 IST" duration-ms="156" status="PASS">
          <reporter-output>
          </reporter-output>
        </test-method> <!-- quitBrowser -->
      </class> <!-- Project1Ecommerce.TestCase6SearchFilter -->
      <class name="Project1Ecommerce.TestCase13CouponCode">
        <test-method is-config="true" signature="launchBrowser()[pri:0, instance:Project1Ecommerce.TestCase13CouponCode@79e2c065]" started-at="2024-09-09T15:34:10 IST" name="launchBrowser" finished-at="2024-09-09T15:34:20 IST" duration-ms="10430" status="PASS">
          <reporter-output>
          </reporter-output>
        </test-method> <!-- launchBrowser -->
        <test-method signature="couponCodeApply()[pri:0, instance:Project1Ecommerce.TestCase13CouponCode@79e2c065]" started-at="2024-09-09T15:34:20 IST" name="couponCodeApply" finished-at="2024-09-09T15:34:38 IST" duration-ms="17872" status="PASS">
          <reporter-output>
            <line>
              <![CDATA[TestCASE is Passed, Check Screenshots for better INFO]]>
            </line>
          </reporter-output>
        </test-method> <!-- couponCodeApply -->
        <test-method is-config="true" signature="quitBrowser()[pri:0, instance:Project1Ecommerce.TestCase13CouponCode@79e2c065]" started-at="2024-09-09T15:34:38 IST" name="quitBrowser" finished-at="2024-09-09T15:34:39 IST" duration-ms="206" status="PASS">
          <reporter-output>
          </reporter-output>
        </test-method> <!-- quitBrowser -->
      </class> <!-- Project1Ecommerce.TestCase13CouponCode -->
      <class name="Project1Ecommerce.TestCase9Cart">
        <test-method is-config="true" signature="launchBrowser()[pri:0, instance:Project1Ecommerce.TestCase9Cart@478190fc]" started-at="2024-09-09T15:32:38 IST" name="launchBrowser" finished-at="2024-09-09T15:33:07 IST" duration-ms="28191" status="PASS">
          <reporter-output>
          </reporter-output>
        </test-method> <!-- launchBrowser -->
        <test-method retried="true" signature="add_cart()[pri:0, instance:Project1Ecommerce.TestCase9Cart@478190fc]" started-at="2024-09-09T15:33:07 IST" name="add_cart" finished-at="2024-09-09T15:33:39 IST" duration-ms="32483" status="SKIP">
          <exception class="org.openqa.selenium.NoSuchElementException">
            <message>
              <![CDATA[no such element: Unable to locate element: {"method":"css selector","selector":"#twotabsearchtextbox"}
  (Session info: chrome=128.0.6613.120)
For documentation on this error, please visit: https://www.selenium.dev/documentation/webdriver/troubleshooting/errors#no-such-element-exception
Build info: version: '4.23.1', revision: '656257d8e9'
System info: os.name: 'Windows 10', os.arch: 'amd64', os.version: '10.0', java.version: '17.0.7'
Driver info: org.openqa.selenium.chrome.ChromeDriver
Command: [b5fe917d1f59948dc66f96115ba1f689, findElement {using=id, value=twotabsearchtextbox}]
Capabilities {acceptInsecureCerts: false, browserName: chrome, browserVersion: 128.0.6613.120, chrome: {chromedriverVersion: 128.0.6613.119 (6e439cfca4d..., userDataDir: C:\Users\SURYA-~1\AppData\L...}, fedcm:accounts: true, goog:chromeOptions: {debuggerAddress: localhost:58276}, networkConnectionEnabled: false, pageLoadStrategy: normal, platformName: windows, proxy: Proxy(), se:cdp: ws://localhost:58276/devtoo..., se:cdpVersion: 128.0.6613.120, setWindowRect: true, strictFileInteractability: false, timeouts: {implicit: 0, pageLoad: 300000, script: 30000}, unhandledPromptBehavior: dismiss and notify, webauthn:extension:credBlob: true, webauthn:extension:largeBlob: true, webauthn:extension:minPinLength: true, webauthn:extension:prf: true, webauthn:virtualAuthenticators: true}
Session ID: b5fe917d1f59948dc66f96115ba1f689]]>
            </message>
            <full-stacktrace>
              <![CDATA[org.openqa.selenium.NoSuchElementException: no such element: Unable to locate element: {"method":"css selector","selector":"#twotabsearchtextbox"}
  (Session info: chrome=128.0.6613.120)
For documentation on this error, please visit: https://www.selenium.dev/documentation/webdriver/troubleshooting/errors#no-such-element-exception
Build info: version: '4.23.1', revision: '656257d8e9'
System info: os.name: 'Windows 10', os.arch: 'amd64', os.version: '10.0', java.version: '17.0.7'
Driver info: org.openqa.selenium.chrome.ChromeDriver
Command: [b5fe917d1f59948dc66f96115ba1f689, findElement {using=id, value=twotabsearchtextbox}]
Capabilities {acceptInsecureCerts: false, browserName: chrome, browserVersion: 128.0.6613.120, chrome: {chromedriverVersion: 128.0.6613.119 (6e439cfca4d..., userDataDir: C:\Users\SURYA-~1\AppData\L...}, fedcm:accounts: true, goog:chromeOptions: {debuggerAddress: localhost:58276}, networkConnectionEnabled: false, pageLoadStrategy: normal, platformName: windows, proxy: Proxy(), se:cdp: ws://localhost:58276/devtoo..., se:cdpVersion: 128.0.6613.120, setWindowRect: true, strictFileInteractability: false, timeouts: {implicit: 0, pageLoad: 300000, script: 30000}, unhandledPromptBehavior: dismiss and notify, webauthn:extension:credBlob: true, webauthn:extension:largeBlob: true, webauthn:extension:minPinLength: true, webauthn:extension:prf: true, webauthn:virtualAuthenticators: true}
Session ID: b5fe917d1f59948dc66f96115ba1f689
at java.base/jdk.internal.reflect.NativeConstructorAccessorImpl.newInstance0(Native Method)
at java.base/jdk.internal.reflect.NativeConstructorAccessorImpl.newInstance(NativeConstructorAccessorImpl.java:77)
at java.base/jdk.internal.reflect.DelegatingConstructorAccessorImpl.newInstance(DelegatingConstructorAccessorImpl.java:45)
at java.base/java.lang.reflect.Constructor.newInstanceWithCaller(Constructor.java:499)
at java.base/java.lang.reflect.Constructor.newInstance(Constructor.java:480)
at org.openqa.selenium.remote.ErrorCodec.decode(ErrorCodec.java:167)
at org.openqa.selenium.remote.codec.w3c.W3CHttpResponseCodec.decode(W3CHttpResponseCodec.java:138)
at org.openqa.selenium.remote.codec.w3c.W3CHttpResponseCodec.decode(W3CHttpResponseCodec.java:50)
at org.openqa.selenium.remote.HttpCommandExecutor.execute(HttpCommandExecutor.java:190)
at org.openqa.selenium.remote.service.DriverCommandExecutor.invokeExecute(DriverCommandExecutor.java:216)
at org.openqa.selenium.remote.service.DriverCommandExecutor.execute(DriverCommandExecutor.java:174)
at org.openqa.selenium.remote.RemoteWebDriver.execute(RemoteWebDriver.java:545)
at org.openqa.selenium.remote.ElementLocation$ElementFinder$2.findElement(ElementLocation.java:165)
at org.openqa.selenium.remote.ElementLocation.findElement(ElementLocation.java:59)
at org.openqa.selenium.remote.RemoteWebDriver.findElement(RemoteWebDriver.java:368)
at org.openqa.selenium.remote.RemoteWebDriver.findElement(RemoteWebDriver.java:362)
at org.openqa.selenium.support.pagefactory.DefaultElementLocator.findElement(DefaultElementLocator.java:68)
at org.openqa.selenium.support.pagefactory.internal.LocatingElementHandler.invoke(LocatingElementHandler.java:38)
at jdk.proxy2/jdk.proxy2.$Proxy11.sendKeys(Unknown Source)
at elementAmazon.homePageAmazon.searchField(homePageAmazon.java:49)
at Project1Ecommerce.TestCase9Cart.add_cart(TestCase9Cart.java:22)
at java.base/jdk.internal.reflect.NativeMethodAccessorImpl.invoke0(Native Method)
at java.base/jdk.internal.reflect.NativeMethodAccessorImpl.invoke(NativeMethodAccessorImpl.java:77)
at java.base/jdk.internal.reflect.DelegatingMethodAccessorImpl.invoke(DelegatingMethodAccessorImpl.java:43)
at java.base/java.lang.reflect.Method.invoke(Method.java:568)
at org.testng.internal.invokers.MethodInvocationHelper.invokeMethod(MethodInvocationHelper.java:141)
at org.testng.internal.invokers.TestInvoker.invokeMethod(TestInvoker.java:686)
at org.testng.internal.invokers.TestInvoker.invokeTestMethod(TestInvoker.java:230)
at org.testng.internal.invokers.MethodRunner.runInSequence(MethodRunner.java:63)
at org.testng.internal.invokers.TestInvoker$MethodInvocationAgent.invoke(TestInvoker.java:992)
at org.testng.internal.invokers.TestInvoker.invokeTestMethods(TestInvoker.java:203)
at org.testng.internal.invokers.TestMethodWorker.invokeTestMethods(TestMethodWorker.java:154)
at org.testng.internal.invokers.TestMethodWorker.run(TestMethodWorker.java:134)
at java.base/java.util.ArrayList.forEach(ArrayList.java:1511)
at org.testng.TestRunner.privateRun(TestRunner.java:739)
at org.testng.TestRunner.run(TestRunner.java:614)
at org.testng.SuiteRunner.runTest(SuiteRunner.java:421)
at org.testng.SuiteRunner.runSequentially(SuiteRunner.java:413)
at org.testng.SuiteRunner.privateRun(SuiteRunner.java:373)
at org.testng.SuiteRunner.run(SuiteRunner.java:312)
at org.testng.SuiteRunnerWorker.runSuite(SuiteRunnerWorker.java:52)
at org.testng.SuiteRunnerWorker.run(SuiteRunnerWorker.java:95)
at org.testng.TestNG.runSuitesSequentially(TestNG.java:1274)
at org.testng.TestNG.runSuitesLocally(TestNG.java:1208)
at org.testng.TestNG.runSuites(TestNG.java:1112)
at org.testng.TestNG.run(TestNG.java:1079)
at org.apache.maven.surefire.testng.TestNGExecutor.run(TestNGExecutor.java:308)
at org.apache.maven.surefire.testng.TestNGXmlTestSuite.execute(TestNGXmlTestSuite.java:71)
at org.apache.maven.surefire.testng.TestNGProvider.invoke(TestNGProvider.java:113)
at org.apache.maven.surefire.booter.ForkedBooter.runSuitesInProcess(ForkedBooter.java:385)
at org.apache.maven.surefire.booter.ForkedBooter.execute(ForkedBooter.java:162)
at org.apache.maven.surefire.booter.ForkedBooter.run(ForkedBooter.java:507)
at org.apache.maven.surefire.booter.ForkedBooter.main(ForkedBooter.java:495)
]]>
            </full-stacktrace>
          </exception> <!-- org.openqa.selenium.NoSuchElementException -->
          <reporter-output>
          </reporter-output>
        </test-method> <!-- add_cart -->
        <test-method is-config="true" signature="quitBrowser()[pri:0, instance:Project1Ecommerce.TestCase9Cart@478190fc]" started-at="2024-09-09T15:33:39 IST" name="quitBrowser" finished-at="2024-09-09T15:33:39 IST" duration-ms="194" status="PASS">
          <reporter-output>
          </reporter-output>
        </test-method> <!-- quitBrowser -->
        <test-method is-config="true" signature="launchBrowser()[pri:0, instance:Project1Ecommerce.TestCase9Cart@478190fc]" started-at="2024-09-09T15:33:39 IST" name="launchBrowser" finished-at="2024-09-09T15:33:56 IST" duration-ms="16835" status="PASS">
          <reporter-output>
          </reporter-output>
        </test-method> <!-- launchBrowser -->
        <test-method signature="add_cart()[pri:0, instance:Project1Ecommerce.TestCase9Cart@478190fc]" started-at="2024-09-09T15:33:56 IST" name="add_cart" finished-at="2024-09-09T15:34:09 IST" duration-ms="12927" status="PASS">
          <reporter-output>
            <line>
              <![CDATA[TestCASE is Passed, Check Screenshots for better INFO]]>
            </line>
          </reporter-output>
        </test-method> <!-- add_cart -->
        <test-method is-config="true" signature="quitBrowser()[pri:0, instance:Project1Ecommerce.TestCase9Cart@478190fc]" started-at="2024-09-09T15:34:10 IST" name="quitBrowser" finished-at="2024-09-09T15:34:10 IST" duration-ms="209" status="PASS">
          <reporter-output>
          </reporter-output>
        </test-method> <!-- quitBrowser -->
      </class> <!-- Project1Ecommerce.TestCase9Cart -->
      <class name="Project1Ecommerce.TestCase10UpdateQuantitiesRemoveItem">
        <test-method is-config="true" signature="launchBrowser()[pri:0, instance:Project1Ecommerce.TestCase10UpdateQuantitiesRemoveItem@399f45b1]" started-at="2024-09-09T15:31:39 IST" name="launchBrowser" finished-at="2024-09-09T15:31:42 IST" duration-ms="3723" status="PASS">
          <reporter-output>
          </reporter-output>
        </test-method> <!-- launchBrowser -->
        <test-method signature="updateQuantityCart()[pri:0, instance:Project1Ecommerce.TestCase10UpdateQuantitiesRemoveItem@399f45b1]" started-at="2024-09-09T15:31:42 IST" name="updateQuantityCart" finished-at="2024-09-09T15:31:59 IST" duration-ms="16633" status="PASS">
          <reporter-output>
            <line>
              <![CDATA[TestCASE is Passed, Check Screenshots for better INFO]]>
            </line>
          </reporter-output>
        </test-method> <!-- updateQuantityCart -->
        <test-method is-config="true" signature="quitBrowser()[pri:0, instance:Project1Ecommerce.TestCase10UpdateQuantitiesRemoveItem@399f45b1]" started-at="2024-09-09T15:31:59 IST" name="quitBrowser" finished-at="2024-09-09T15:32:00 IST" duration-ms="234" status="PASS">
          <reporter-output>
          </reporter-output>
        </test-method> <!-- quitBrowser -->
      </class> <!-- Project1Ecommerce.TestCase10UpdateQuantitiesRemoveItem -->
      <class name="Project1Ecommerce.TestCase4SuccessEdit">
        <test-method is-config="true" signature="launchBrowser()[pri:0, instance:Project1Ecommerce.TestCase4SuccessEdit@2d7275fc]" started-at="2024-09-09T15:29:57 IST" name="launchBrowser" finished-at="2024-09-09T15:30:02 IST" duration-ms="5019" status="PASS">
          <reporter-output>
          </reporter-output>
        </test-method> <!-- launchBrowser -->
        <test-method retried="true" signature="successEdit()[pri:0, instance:Project1Ecommerce.TestCase4SuccessEdit@2d7275fc]" started-at="2024-09-09T15:30:02 IST" name="successEdit" finished-at="2024-09-09T15:30:37 IST" duration-ms="35189" status="SKIP">
          <exception class="org.openqa.selenium.json.JsonException">
            <message>
              <![CDATA[java.lang.reflect.InvocationTargetException
Build info: version: '4.23.1', revision: '656257d8e9'
System info: os.name: 'Windows 10', os.arch: 'amd64', os.version: '10.0', java.version: '17.0.7'
Driver info: org.openqa.selenium.chrome.ChromeDriver
Command: [9fc70e108997c038e77cadd39d53c9fe, actions {actions=[org.openqa.selenium.interactions.Sequence@61d34b4]}]
Capabilities {acceptInsecureCerts: false, browserName: chrome, browserVersion: 128.0.6613.120, chrome: {chromedriverVersion: 128.0.6613.119 (6e439cfca4d..., userDataDir: C:\Users\SURYA-~1\AppData\L...}, fedcm:accounts: true, goog:chromeOptions: {debuggerAddress: localhost:57845}, networkConnectionEnabled: false, pageLoadStrategy: normal, platformName: windows, proxy: Proxy(), se:cdp: ws://localhost:57845/devtoo..., se:cdpVersion: 128.0.6613.120, setWindowRect: true, strictFileInteractability: false, timeouts: {implicit: 0, pageLoad: 300000, script: 30000}, unhandledPromptBehavior: dismiss and notify, webauthn:extension:credBlob: true, webauthn:extension:largeBlob: true, webauthn:extension:minPinLength: true, webauthn:extension:prf: true, webauthn:virtualAuthenticators: true}
Session ID: 9fc70e108997c038e77cadd39d53c9fe]]>
            </message>
            <full-stacktrace>
              <![CDATA[org.openqa.selenium.json.JsonException: java.lang.reflect.InvocationTargetException
Build info: version: '4.23.1', revision: '656257d8e9'
System info: os.name: 'Windows 10', os.arch: 'amd64', os.version: '10.0', java.version: '17.0.7'
Driver info: org.openqa.selenium.chrome.ChromeDriver
Command: [9fc70e108997c038e77cadd39d53c9fe, actions {actions=[org.openqa.selenium.interactions.Sequence@61d34b4]}]
Capabilities {acceptInsecureCerts: false, browserName: chrome, browserVersion: 128.0.6613.120, chrome: {chromedriverVersion: 128.0.6613.119 (6e439cfca4d..., userDataDir: C:\Users\SURYA-~1\AppData\L...}, fedcm:accounts: true, goog:chromeOptions: {debuggerAddress: localhost:57845}, networkConnectionEnabled: false, pageLoadStrategy: normal, platformName: windows, proxy: Proxy(), se:cdp: ws://localhost:57845/devtoo..., se:cdpVersion: 128.0.6613.120, setWindowRect: true, strictFileInteractability: false, timeouts: {implicit: 0, pageLoad: 300000, script: 30000}, unhandledPromptBehavior: dismiss and notify, webauthn:extension:credBlob: true, webauthn:extension:largeBlob: true, webauthn:extension:minPinLength: true, webauthn:extension:prf: true, webauthn:virtualAuthenticators: true}
Session ID: 9fc70e108997c038e77cadd39d53c9fe
at org.openqa.selenium.json.JsonOutput.convertUsingMethod(JsonOutput.java:520)
at org.openqa.selenium.json.JsonOutput.lambda$new$16(JsonOutput.java:182)
at org.openqa.selenium.json.JsonOutput.write0(JsonOutput.java:409)
at org.openqa.selenium.json.JsonOutput.lambda$new$22(JsonOutput.java:204)
at java.base/java.util.stream.ForEachOps$ForEachOp$OfRef.accept(ForEachOps.java:183)
at java.base/java.util.stream.ReferencePipeline$2$1.accept(ReferencePipeline.java:179)
at java.base/java.util.Iterator.forEachRemaining(Iterator.java:133)
at java.base/java.util.Spliterators$IteratorSpliterator.forEachRemaining(Spliterators.java:1845)
at java.base/java.util.stream.AbstractPipeline.copyInto(AbstractPipeline.java:509)
at java.base/java.util.stream.AbstractPipeline.wrapAndCopyInto(AbstractPipeline.java:499)
at java.base/java.util.stream.ForEachOps$ForEachOp.evaluateSequential(ForEachOps.java:150)
at java.base/java.util.stream.ForEachOps$ForEachOp$OfRef.evaluateSequential(ForEachOps.java:173)
at java.base/java.util.stream.AbstractPipeline.evaluate(AbstractPipeline.java:234)
at java.base/java.util.stream.ReferencePipeline.forEach(ReferencePipeline.java:596)
at org.openqa.selenium.json.JsonOutput.lambda$new$23(JsonOutput.java:204)
at org.openqa.selenium.json.JsonOutput.write0(JsonOutput.java:409)
at org.openqa.selenium.json.JsonOutput.lambda$new$24(JsonOutput.java:222)
at java.base/java.util.Map.forEach(Map.java:713)
at org.openqa.selenium.json.JsonOutput.lambda$new$25(JsonOutput.java:217)
at org.openqa.selenium.json.JsonOutput.write0(JsonOutput.java:409)
at org.openqa.selenium.json.JsonOutput.write(JsonOutput.java:400)
at org.openqa.selenium.json.Json.toJson(Json.java:133)
at org.openqa.selenium.json.Json.toJson(Json.java:119)
at org.openqa.selenium.remote.codec.AbstractHttpCommandCodec.encode(AbstractHttpCommandCodec.java:245)
at org.openqa.selenium.remote.codec.AbstractHttpCommandCodec.encode(AbstractHttpCommandCodec.java:111)
at org.openqa.selenium.remote.HttpCommandExecutor.execute(HttpCommandExecutor.java:178)
at org.openqa.selenium.remote.service.DriverCommandExecutor.invokeExecute(DriverCommandExecutor.java:216)
at org.openqa.selenium.remote.service.DriverCommandExecutor.execute(DriverCommandExecutor.java:174)
at org.openqa.selenium.remote.RemoteWebDriver.execute(RemoteWebDriver.java:545)
at org.openqa.selenium.remote.RemoteWebDriver.perform(RemoteWebDriver.java:631)
at org.openqa.selenium.interactions.Actions$BuiltAction.perform(Actions.java:613)
at org.openqa.selenium.interactions.Actions.perform(Actions.java:578)
at elementAmazon.homePageAmazon.account_list(homePageAmazon.java:55)
at Project1Ecommerce.TestCase4SuccessEdit.successEdit(TestCase4SuccessEdit.java:21)
at java.base/jdk.internal.reflect.NativeMethodAccessorImpl.invoke0(Native Method)
at java.base/jdk.internal.reflect.NativeMethodAccessorImpl.invoke(NativeMethodAccessorImpl.java:77)
at java.base/jdk.internal.reflect.DelegatingMethodAccessorImpl.invoke(DelegatingMethodAccessorImpl.java:43)
at java.base/java.lang.reflect.Method.invoke(Method.java:568)
at org.testng.internal.invokers.MethodInvocationHelper.invokeMethod(MethodInvocationHelper.java:141)
at org.testng.internal.invokers.TestInvoker.invokeMethod(TestInvoker.java:686)
at org.testng.internal.invokers.TestInvoker.invokeTestMethod(TestInvoker.java:230)
at org.testng.internal.invokers.MethodRunner.runInSequence(MethodRunner.java:63)
at org.testng.internal.invokers.TestInvoker$MethodInvocationAgent.invoke(TestInvoker.java:992)
at org.testng.internal.invokers.TestInvoker.invokeTestMethods(TestInvoker.java:203)
at org.testng.internal.invokers.TestMethodWorker.invokeTestMethods(TestMethodWorker.java:154)
at org.testng.internal.invokers.TestMethodWorker.run(TestMethodWorker.java:134)
at java.base/java.util.ArrayList.forEach(ArrayList.java:1511)
at org.testng.TestRunner.privateRun(TestRunner.java:739)
at org.testng.TestRunner.run(TestRunner.java:614)
at org.testng.SuiteRunner.runTest(SuiteRunner.java:421)
at org.testng.SuiteRunner.runSequentially(SuiteRunner.java:413)
at org.testng.SuiteRunner.privateRun(SuiteRunner.java:373)
at org.testng.SuiteRunner.run(SuiteRunner.java:312)
at org.testng.SuiteRunnerWorker.runSuite(SuiteRunnerWorker.java:52)
at org.testng.SuiteRunnerWorker.run(SuiteRunnerWorker.java:95)
at org.testng.TestNG.runSuitesSequentially(TestNG.java:1274)
at org.testng.TestNG.runSuitesLocally(TestNG.java:1208)
at org.testng.TestNG.runSuites(TestNG.java:1112)
at org.testng.TestNG.run(TestNG.java:1079)
at org.apache.maven.surefire.testng.TestNGExecutor.run(TestNGExecutor.java:308)
at org.apache.maven.surefire.testng.TestNGXmlTestSuite.execute(TestNGXmlTestSuite.java:71)
at org.apache.maven.surefire.testng.TestNGProvider.invoke(TestNGProvider.java:113)
at org.apache.maven.surefire.booter.ForkedBooter.runSuitesInProcess(ForkedBooter.java:385)
at org.apache.maven.surefire.booter.ForkedBooter.execute(ForkedBooter.java:162)
at org.apache.maven.surefire.booter.ForkedBooter.run(ForkedBooter.java:507)
at org.apache.maven.surefire.booter.ForkedBooter.main(ForkedBooter.java:495)
Suppressed: org.openqa.selenium.json.JsonException: Attempting to close incomplete json stream
Build info: version: '4.23.1', revision: '656257d8e9'
System info: os.name: 'Windows 10', os.arch: 'amd64', os.version: '10.0', java.version: '17.0.7'
Driver info: driver.version: RemoteWebDriver
at org.openqa.selenium.json.JsonOutput.close(JsonOutput.java:431)
at org.openqa.selenium.json.Json.toJson(Json.java:131)
... 44 more
Caused by: java.lang.reflect.InvocationTargetException
at java.base/jdk.internal.reflect.NativeMethodAccessorImpl.invoke0(Native Method)
at java.base/jdk.internal.reflect.NativeMethodAccessorImpl.invoke(NativeMethodAccessorImpl.java:77)
at java.base/jdk.internal.reflect.DelegatingMethodAccessorImpl.invoke(DelegatingMethodAccessorImpl.java:43)
at java.base/java.lang.reflect.Method.invoke(Method.java:568)
at org.openqa.selenium.json.JsonOutput.convertUsingMethod(JsonOutput.java:516)
... 65 more
Caused by: org.openqa.selenium.NoSuchElementException: no such element: Unable to locate element: {"method":"css selector","selector":"#nav\-link\-accountList"}
  (Session info: chrome=128.0.6613.120)
For documentation on this error, please visit: https://www.selenium.dev/documentation/webdriver/troubleshooting/errors#no-such-element-exception
Build info: version: '4.23.1', revision: '656257d8e9'
System info: os.name: 'Windows 10', os.arch: 'amd64', os.version: '10.0', java.version: '17.0.7'
Driver info: org.openqa.selenium.chrome.ChromeDriver
Command: [9fc70e108997c038e77cadd39d53c9fe, findElement {using=id, value=nav-link-accountList}]
Capabilities {acceptInsecureCerts: false, browserName: chrome, browserVersion: 128.0.6613.120, chrome: {chromedriverVersion: 128.0.6613.119 (6e439cfca4d..., userDataDir: C:\Users\SURYA-~1\AppData\L...}, fedcm:accounts: true, goog:chromeOptions: {debuggerAddress: localhost:57845}, networkConnectionEnabled: false, pageLoadStrategy: normal, platformName: windows, proxy: Proxy(), se:cdp: ws://localhost:57845/devtoo..., se:cdpVersion: 128.0.6613.120, setWindowRect: true, strictFileInteractability: false, timeouts: {implicit: 0, pageLoad: 300000, script: 30000}, unhandledPromptBehavior: dismiss and notify, webauthn:extension:credBlob: true, webauthn:extension:largeBlob: true, webauthn:extension:minPinLength: true, webauthn:extension:prf: true, webauthn:virtualAuthenticators: true}
Session ID: 9fc70e108997c038e77cadd39d53c9fe
at java.base/jdk.internal.reflect.NativeConstructorAccessorImpl.newInstance0(Native Method)
at java.base/jdk.internal.reflect.NativeConstructorAccessorImpl.newInstance(NativeConstructorAccessorImpl.java:77)
at java.base/jdk.internal.reflect.DelegatingConstructorAccessorImpl.newInstance(DelegatingConstructorAccessorImpl.java:45)
at java.base/java.lang.reflect.Constructor.newInstanceWithCaller(Constructor.java:499)
at java.base/java.lang.reflect.Constructor.newInstance(Constructor.java:480)
at org.openqa.selenium.remote.ErrorCodec.decode(ErrorCodec.java:167)
at org.openqa.selenium.remote.codec.w3c.W3CHttpResponseCodec.decode(W3CHttpResponseCodec.java:138)
at org.openqa.selenium.remote.codec.w3c.W3CHttpResponseCodec.decode(W3CHttpResponseCodec.java:50)
at org.openqa.selenium.remote.HttpCommandExecutor.execute(HttpCommandExecutor.java:190)
at org.openqa.selenium.remote.service.DriverCommandExecutor.invokeExecute(DriverCommandExecutor.java:216)
at org.openqa.selenium.remote.service.DriverCommandExecutor.execute(DriverCommandExecutor.java:174)
at org.openqa.selenium.remote.RemoteWebDriver.execute(RemoteWebDriver.java:545)
at org.openqa.selenium.remote.ElementLocation$ElementFinder$2.findElement(ElementLocation.java:165)
at org.openqa.selenium.remote.ElementLocation.findElement(ElementLocation.java:59)
at org.openqa.selenium.remote.RemoteWebDriver.findElement(RemoteWebDriver.java:368)
at org.openqa.selenium.remote.RemoteWebDriver.findElement(RemoteWebDriver.java:362)
at org.openqa.selenium.support.pagefactory.DefaultElementLocator.findElement(DefaultElementLocator.java:68)
at org.openqa.selenium.support.pagefactory.internal.LocatingElementHandler.invoke(LocatingElementHandler.java:38)
at jdk.proxy2/jdk.proxy2.$Proxy11.getWrappedElement(Unknown Source)
at org.openqa.selenium.interactions.PointerInput$Origin.asArg(PointerInput.java:259)
at org.openqa.selenium.interactions.PointerInput$Move.encode(PointerInput.java:208)
at org.openqa.selenium.interactions.Sequence.encode(Sequence.java:72)
at org.openqa.selenium.interactions.Sequence.toJson(Sequence.java:81)
... 70 more
]]>
            </full-stacktrace>
          </exception> <!-- org.openqa.selenium.json.JsonException -->
          <reporter-output>
          </reporter-output>
        </test-method> <!-- successEdit -->
        <test-method is-config="true" signature="quitBrowser()[pri:0, instance:Project1Ecommerce.TestCase4SuccessEdit@2d7275fc]" started-at="2024-09-09T15:30:37 IST" name="quitBrowser" finished-at="2024-09-09T15:30:38 IST" duration-ms="359" status="PASS">
          <reporter-output>
          </reporter-output>
        </test-method> <!-- quitBrowser -->
        <test-method is-config="true" signature="launchBrowser()[pri:0, instance:Project1Ecommerce.TestCase4SuccessEdit@2d7275fc]" started-at="2024-09-09T15:30:38 IST" name="launchBrowser" finished-at="2024-09-09T15:30:44 IST" duration-ms="6126" status="PASS">
          <reporter-output>
          </reporter-output>
        </test-method> <!-- launchBrowser -->
        <test-method retried="true" signature="successEdit()[pri:0, instance:Project1Ecommerce.TestCase4SuccessEdit@2d7275fc]" started-at="2024-09-09T15:30:44 IST" name="successEdit" finished-at="2024-09-09T15:31:14 IST" duration-ms="30033" status="SKIP">
          <exception class="org.openqa.selenium.NoSuchElementException">
            <message>
              <![CDATA[no such element: Unable to locate element: {"method":"xpath","selector":"//span[.='Hello, sign in']"}
  (Session info: chrome=128.0.6613.120)
For documentation on this error, please visit: https://www.selenium.dev/documentation/webdriver/troubleshooting/errors#no-such-element-exception
Build info: version: '4.23.1', revision: '656257d8e9'
System info: os.name: 'Windows 10', os.arch: 'amd64', os.version: '10.0', java.version: '17.0.7'
Driver info: org.openqa.selenium.chrome.ChromeDriver
Command: [7f78143eb5939a0a3a74cfbd30627942, findElement {using=xpath, value=//span[.='Hello, sign in']}]
Capabilities {acceptInsecureCerts: false, browserName: chrome, browserVersion: 128.0.6613.120, chrome: {chromedriverVersion: 128.0.6613.119 (6e439cfca4d..., userDataDir: C:\Users\SURYA-~1\AppData\L...}, fedcm:accounts: true, goog:chromeOptions: {debuggerAddress: localhost:57914}, networkConnectionEnabled: false, pageLoadStrategy: normal, platformName: windows, proxy: Proxy(), se:cdp: ws://localhost:57914/devtoo..., se:cdpVersion: 128.0.6613.120, setWindowRect: true, strictFileInteractability: false, timeouts: {implicit: 0, pageLoad: 300000, script: 30000}, unhandledPromptBehavior: dismiss and notify, webauthn:extension:credBlob: true, webauthn:extension:largeBlob: true, webauthn:extension:minPinLength: true, webauthn:extension:prf: true, webauthn:virtualAuthenticators: true}
Session ID: 7f78143eb5939a0a3a74cfbd30627942]]>
            </message>
            <full-stacktrace>
              <![CDATA[org.openqa.selenium.NoSuchElementException: no such element: Unable to locate element: {"method":"xpath","selector":"//span[.='Hello, sign in']"}
  (Session info: chrome=128.0.6613.120)
For documentation on this error, please visit: https://www.selenium.dev/documentation/webdriver/troubleshooting/errors#no-such-element-exception
Build info: version: '4.23.1', revision: '656257d8e9'
System info: os.name: 'Windows 10', os.arch: 'amd64', os.version: '10.0', java.version: '17.0.7'
Driver info: org.openqa.selenium.chrome.ChromeDriver
Command: [7f78143eb5939a0a3a74cfbd30627942, findElement {using=xpath, value=//span[.='Hello, sign in']}]
Capabilities {acceptInsecureCerts: false, browserName: chrome, browserVersion: 128.0.6613.120, chrome: {chromedriverVersion: 128.0.6613.119 (6e439cfca4d..., userDataDir: C:\Users\SURYA-~1\AppData\L...}, fedcm:accounts: true, goog:chromeOptions: {debuggerAddress: localhost:57914}, networkConnectionEnabled: false, pageLoadStrategy: normal, platformName: windows, proxy: Proxy(), se:cdp: ws://localhost:57914/devtoo..., se:cdpVersion: 128.0.6613.120, setWindowRect: true, strictFileInteractability: false, timeouts: {implicit: 0, pageLoad: 300000, script: 30000}, unhandledPromptBehavior: dismiss and notify, webauthn:extension:credBlob: true, webauthn:extension:largeBlob: true, webauthn:extension:minPinLength: true, webauthn:extension:prf: true, webauthn:virtualAuthenticators: true}
Session ID: 7f78143eb5939a0a3a74cfbd30627942
at java.base/jdk.internal.reflect.NativeConstructorAccessorImpl.newInstance0(Native Method)
at java.base/jdk.internal.reflect.NativeConstructorAccessorImpl.newInstance(NativeConstructorAccessorImpl.java:77)
at java.base/jdk.internal.reflect.DelegatingConstructorAccessorImpl.newInstance(DelegatingConstructorAccessorImpl.java:45)
at java.base/java.lang.reflect.Constructor.newInstanceWithCaller(Constructor.java:499)
at java.base/java.lang.reflect.Constructor.newInstance(Constructor.java:480)
at org.openqa.selenium.remote.ErrorCodec.decode(ErrorCodec.java:167)
at org.openqa.selenium.remote.codec.w3c.W3CHttpResponseCodec.decode(W3CHttpResponseCodec.java:138)
at org.openqa.selenium.remote.codec.w3c.W3CHttpResponseCodec.decode(W3CHttpResponseCodec.java:50)
at org.openqa.selenium.remote.HttpCommandExecutor.execute(HttpCommandExecutor.java:190)
at org.openqa.selenium.remote.service.DriverCommandExecutor.invokeExecute(DriverCommandExecutor.java:216)
at org.openqa.selenium.remote.service.DriverCommandExecutor.execute(DriverCommandExecutor.java:174)
at org.openqa.selenium.remote.RemoteWebDriver.execute(RemoteWebDriver.java:545)
at org.openqa.selenium.remote.ElementLocation$ElementFinder$2.findElement(ElementLocation.java:165)
at org.openqa.selenium.remote.ElementLocation.findElement(ElementLocation.java:59)
at org.openqa.selenium.remote.RemoteWebDriver.findElement(RemoteWebDriver.java:368)
at org.openqa.selenium.remote.RemoteWebDriver.findElement(RemoteWebDriver.java:362)
at org.openqa.selenium.support.pagefactory.DefaultElementLocator.findElement(DefaultElementLocator.java:68)
at org.openqa.selenium.support.pagefactory.internal.LocatingElementHandler.invoke(LocatingElementHandler.java:38)
at jdk.proxy2/jdk.proxy2.$Proxy11.click(Unknown Source)
at elementAmazon.homePageAmazon.signIN(homePageAmazon.java:45)
at Project1Ecommerce.TestCase4SuccessEdit.successEdit(TestCase4SuccessEdit.java:17)
at java.base/jdk.internal.reflect.NativeMethodAccessorImpl.invoke0(Native Method)
at java.base/jdk.internal.reflect.NativeMethodAccessorImpl.invoke(NativeMethodAccessorImpl.java:77)
at java.base/jdk.internal.reflect.DelegatingMethodAccessorImpl.invoke(DelegatingMethodAccessorImpl.java:43)
at java.base/java.lang.reflect.Method.invoke(Method.java:568)
at org.testng.internal.invokers.MethodInvocationHelper.invokeMethod(MethodInvocationHelper.java:141)
at org.testng.internal.invokers.TestInvoker.invokeMethod(TestInvoker.java:686)
at org.testng.internal.invokers.TestInvoker.retryFailed(TestInvoker.java:269)
at org.testng.internal.invokers.MethodRunner.runInSequence(MethodRunner.java:76)
at org.testng.internal.invokers.TestInvoker$MethodInvocationAgent.invoke(TestInvoker.java:992)
at org.testng.internal.invokers.TestInvoker.invokeTestMethods(TestInvoker.java:203)
at org.testng.internal.invokers.TestMethodWorker.invokeTestMethods(TestMethodWorker.java:154)
at org.testng.internal.invokers.TestMethodWorker.run(TestMethodWorker.java:134)
at java.base/java.util.ArrayList.forEach(ArrayList.java:1511)
at org.testng.TestRunner.privateRun(TestRunner.java:739)
at org.testng.TestRunner.run(TestRunner.java:614)
at org.testng.SuiteRunner.runTest(SuiteRunner.java:421)
at org.testng.SuiteRunner.runSequentially(SuiteRunner.java:413)
at org.testng.SuiteRunner.privateRun(SuiteRunner.java:373)
at org.testng.SuiteRunner.run(SuiteRunner.java:312)
at org.testng.SuiteRunnerWorker.runSuite(SuiteRunnerWorker.java:52)
at org.testng.SuiteRunnerWorker.run(SuiteRunnerWorker.java:95)
at org.testng.TestNG.runSuitesSequentially(TestNG.java:1274)
at org.testng.TestNG.runSuitesLocally(TestNG.java:1208)
at org.testng.TestNG.runSuites(TestNG.java:1112)
at org.testng.TestNG.run(TestNG.java:1079)
at org.apache.maven.surefire.testng.TestNGExecutor.run(TestNGExecutor.java:308)
at org.apache.maven.surefire.testng.TestNGXmlTestSuite.execute(TestNGXmlTestSuite.java:71)
at org.apache.maven.surefire.testng.TestNGProvider.invoke(TestNGProvider.java:113)
at org.apache.maven.surefire.booter.ForkedBooter.runSuitesInProcess(ForkedBooter.java:385)
at org.apache.maven.surefire.booter.ForkedBooter.execute(ForkedBooter.java:162)
at org.apache.maven.surefire.booter.ForkedBooter.run(ForkedBooter.java:507)
at org.apache.maven.surefire.booter.ForkedBooter.main(ForkedBooter.java:495)
]]>
            </full-stacktrace>
          </exception> <!-- org.openqa.selenium.NoSuchElementException -->
          <reporter-output>
          </reporter-output>
        </test-method> <!-- successEdit -->
        <test-method is-config="true" signature="quitBrowser()[pri:0, instance:Project1Ecommerce.TestCase4SuccessEdit@2d7275fc]" started-at="2024-09-09T15:31:14 IST" name="quitBrowser" finished-at="2024-09-09T15:31:14 IST" duration-ms="247" status="PASS">
          <reporter-output>
          </reporter-output>
        </test-method> <!-- quitBrowser -->
        <test-method is-config="true" signature="launchBrowser()[pri:0, instance:Project1Ecommerce.TestCase4SuccessEdit@2d7275fc]" started-at="2024-09-09T15:31:14 IST" name="launchBrowser" finished-at="2024-09-09T15:31:27 IST" duration-ms="12698" status="PASS">
          <reporter-output>
          </reporter-output>
        </test-method> <!-- launchBrowser -->
        <test-method signature="successEdit()[pri:0, instance:Project1Ecommerce.TestCase4SuccessEdit@2d7275fc]" started-at="2024-09-09T15:31:27 IST" name="successEdit" finished-at="2024-09-09T15:31:38 IST" duration-ms="11273" status="PASS">
          <reporter-output>
            <line>
              <![CDATA[TestCASE is Passed, Check Screenshots for better INFO]]>
            </line>
          </reporter-output>
        </test-method> <!-- successEdit -->
        <test-method is-config="true" signature="quitBrowser()[pri:0, instance:Project1Ecommerce.TestCase4SuccessEdit@2d7275fc]" started-at="2024-09-09T15:31:38 IST" name="quitBrowser" finished-at="2024-09-09T15:31:39 IST" duration-ms="186" status="PASS">
          <reporter-output>
          </reporter-output>
        </test-method> <!-- quitBrowser -->
      </class> <!-- Project1Ecommerce.TestCase4SuccessEdit -->
    </test> <!-- Test -->
  </suite> <!-- Suite -->
</testng-results>
